[2024/04/25 16:30:15.759] [TID:1] [MainServer.CreateServer => MainServer.CreateComponent => NLogLog.Info]: CreateComponent - Success
[2024/04/25 16:30:15.771] [TID:1] [MainServer.AppOnStarted => MainServer.CreateServer => NLogLog.Info]: 서버 생성 성공
[2024/04/25 16:30:15.786] [TID:1] [AppServer`2.Start => AppServerBase`2.Start => NLogLog.Info]: The server instance PvPGameServer has been started!
[2024/04/25 16:34:07.926] [TID:3] [<>c__DisplayClass108_0.<OnNewSessionConnected>b__0 => MainServer.OnConnected => NLogLog.Info]: 세션 번호 65ac0e45-ee9d-491e-a6e0-3bbbe4bdba1b 접속
[2024/04/25 16:35:07.274] [TID:16] [<>c__DisplayClass108_0.<OnNewSessionConnected>b__0 => MainServer.OnConnected => NLogLog.Info]: 세션 번호 97cc53d9-0274-4300-a60f-cdd0a75657b7 접속
[2024/04/25 16:37:28.405] [TID:21] [<>c__DisplayClass116_0.<OnSessionClosed>b__0 => MainServer.OnClosed => NLogLog.Info]: 세션 번호 97cc53d9-0274-4300-a60f-cdd0a75657b7 접속해제: SocketError
[2024/04/25 16:37:29.628] [TID:13] [<>c__DisplayClass116_0.<OnSessionClosed>b__0 => MainServer.OnClosed => NLogLog.Info]: 세션 번호 65ac0e45-ee9d-491e-a6e0-3bbbe4bdba1b 접속해제: SocketError
[2024/04/25 16:42:52.812] [TID:1] [MainServer.CreateServer => MainServer.CreateComponent => NLogLog.Info]: CreateComponent - Success
[2024/04/25 16:42:52.812] [TID:1] [MainServer.AppOnStarted => MainServer.CreateServer => NLogLog.Info]: 서버 생성 성공
[2024/04/25 16:42:52.837] [TID:1] [AppServer`2.Start => AppServerBase`2.Start => NLogLog.Info]: The server instance PvPGameServer has been started!
[2024/04/25 16:43:02.310] [TID:9] [<>c__DisplayClass108_0.<OnNewSessionConnected>b__0 => MainServer.OnConnected => NLogLog.Info]: 세션 번호 387e1b11-ae8b-4f8e-a5f1-b47b562a38b8 접속
[2024/04/25 16:43:33.433] [TID:15] [<>c__DisplayClass116_0.<OnSessionClosed>b__0 => MainServer.OnClosed => NLogLog.Info]: 세션 번호 387e1b11-ae8b-4f8e-a5f1-b47b562a38b8 접속해제: SocketError
[2024/04/25 16:43:34.544] [TID:15] [<>c__DisplayClass108_0.<OnNewSessionConnected>b__0 => MainServer.OnConnected => NLogLog.Info]: 세션 번호 d9d2e0b0-a20f-40f1-9be0-6c6146ca0d9f 접속
[2024/04/25 16:43:50.405] [TID:14] [<>c__DisplayClass116_0.<OnSessionClosed>b__0 => MainServer.OnClosed => NLogLog.Info]: 세션 번호 d9d2e0b0-a20f-40f1-9be0-6c6146ca0d9f 접속해제: SocketError
[2024/04/25 18:05:28.287] [TID:1] [MainServer.CreateServer => MainServer.CreateComponent => NLogLog.Info]: CreateComponent - Success
[2024/04/25 18:05:28.300] [TID:1] [MainServer.AppOnStarted => MainServer.CreateServer => NLogLog.Info]: 서버 생성 성공
[2024/04/25 18:05:28.313] [TID:1] [AppServer`2.Start => AppServerBase`2.Start => NLogLog.Info]: The server instance PvPGameServer has been started!
[2024/04/25 18:06:00.109] [TID:1] [MainServer.CreateServer => MainServer.CreateComponent => NLogLog.Info]: CreateComponent - Success
[2024/04/25 18:06:00.109] [TID:1] [MainServer.AppOnStarted => MainServer.CreateServer => NLogLog.Info]: 서버 생성 성공
[2024/04/25 18:06:00.138] [TID:1] [AppServer`2.Start => AppServerBase`2.Start => NLogLog.Info]: The server instance PvPGameServer has been started!
[2024/04/25 18:06:01.465] [TID:9] [<>c__DisplayClass108_0.<OnNewSessionConnected>b__0 => MainServer.OnConnected => NLogLog.Info]: 세션 번호 af71f6e7-cafb-4c81-8332-af7c13ee0808 접속
[2024/04/25 18:06:02.872] [TID:9] [<>c__DisplayClass116_0.<OnSessionClosed>b__0 => MainServer.OnClosed => NLogLog.Info]: 세션 번호 af71f6e7-cafb-4c81-8332-af7c13ee0808 접속해제: SocketError
[2024/04/25 18:09:03.058] [TID:1] [MainServer.CreateServer => MainServer.CreateComponent => NLogLog.Info]: CreateComponent - Success
[2024/04/25 18:09:03.072] [TID:1] [MainServer.AppOnStarted => MainServer.CreateServer => NLogLog.Info]: 서버 생성 성공
[2024/04/25 18:09:03.087] [TID:1] [AppServer`2.Start => AppServerBase`2.Start => NLogLog.Info]: The server instance PvPGameServer has been started!
[2024/04/25 18:11:52.732] [TID:1] [MainServer.CreateServer => MainServer.CreateComponent => NLogLog.Info]: CreateComponent - Success
[2024/04/25 18:11:52.743] [TID:1] [MainServer.AppOnStarted => MainServer.CreateServer => NLogLog.Info]: 서버 생성 성공
[2024/04/25 18:11:52.756] [TID:1] [AppServer`2.Start => AppServerBase`2.Start => NLogLog.Info]: The server instance PvPGameServer has been started!
[2024/04/25 18:11:54.604] [TID:10] [<>c__DisplayClass108_0.<OnNewSessionConnected>b__0 => MainServer.OnConnected => NLogLog.Info]: 세션 번호 3342a1c2-64b3-4bc1-8902-f8976330b73e 접속
[2024/04/25 18:12:19.387] [TID:13] [<>c__DisplayClass116_0.<OnSessionClosed>b__0 => MainServer.OnClosed => NLogLog.Info]: 세션 번호 3342a1c2-64b3-4bc1-8902-f8976330b73e 접속해제: SocketError
[2024/04/25 18:12:25.167] [TID:12] [<>c__DisplayClass108_0.<OnNewSessionConnected>b__0 => MainServer.OnConnected => NLogLog.Info]: 세션 번호 5b550ce4-2176-427b-906e-d86fc51b065e 접속
[2024/04/25 18:12:38.538] [TID:13] [<>c__DisplayClass116_0.<OnSessionClosed>b__0 => MainServer.OnClosed => NLogLog.Info]: 세션 번호 5b550ce4-2176-427b-906e-d86fc51b065e 접속해제: SocketError
[2024/04/25 18:12:39.930] [TID:14] [<>c__DisplayClass108_0.<OnNewSessionConnected>b__0 => MainServer.OnConnected => NLogLog.Info]: 세션 번호 91dca2e6-e651-4c5c-ae88-7c61c159c102 접속
[2024/04/25 18:13:08.055] [TID:12] [<>c__DisplayClass116_0.<OnSessionClosed>b__0 => MainServer.OnClosed => NLogLog.Info]: 세션 번호 91dca2e6-e651-4c5c-ae88-7c61c159c102 접속해제: SocketError
[2024/04/25 18:13:12.151] [TID:12] [<>c__DisplayClass108_0.<OnNewSessionConnected>b__0 => MainServer.OnConnected => NLogLog.Info]: 세션 번호 b99ac2de-2a09-472f-b99b-8942913a844c 접속
[2024/04/25 18:13:32.526] [TID:13] [<>c__DisplayClass116_0.<OnSessionClosed>b__0 => MainServer.OnClosed => NLogLog.Info]: 세션 번호 b99ac2de-2a09-472f-b99b-8942913a844c 접속해제: SocketError
