[2024/04/23 16:59:33.715] [TID:1] [Program.Main => MainServer.CreateStartServer => NLogLog.Info]: 서버 초기화 성공
[2024/04/23 16:59:33.736] [TID:1] [MainServer.CreateStartServer => MainServer.CreateComponent => NLogLog.Info]: CreateComponent - Success
[2024/04/23 16:59:33.759] [TID:1] [AsyncSocketServer.Start => SocketServerBase.Start => NLogLog.Debug]: Listener (0.0.0.0:32452) was started
[2024/04/23 16:59:33.759] [TID:1] [AppServer`2.Start => AppServerBase`2.Start => NLogLog.Info]: The server instance ChatServer has been started!
[2024/04/23 16:59:33.759] [TID:1] [Program.Main => MainServer.CreateStartServer => NLogLog.Info]: 서버 생성 성공
[2024/04/23 16:59:33.759] [TID:1] [Program.Main => NLogLog.Info]: Press q to shut down the server
[2024/04/23 17:00:41.754] [TID:5] [<>c__DisplayClass108_0.<OnNewSessionConnected>b__0 => MainServer.OnConnected => NLogLog.Info]: 세션 번호 8f99ffff-9418-4044-b84b-a00d657d9561 접속
[2024/04/23 17:00:41.758] [TID:10] [PacketProcessor.Process => PKHCommon.NotifyInConnectClient => NLogLog.Debug]: Current Connected Session Count: 1
[2024/04/23 17:00:45.472] [TID:7] [AppServerBase`2.ExecuteCommand => MainServer.OnPacketReceived => NLogLog.Debug]: 세션 번호 8f99ffff-9418-4044-b84b-a00d657d9561 받은 데이터 크기: 6, ThreadId: 7
[2024/04/23 17:00:45.478] [TID:10] [PacketProcessor.Process => PKHRoom.RequestChat => NLogLog.Debug]: Room RequestChat
[2024/04/23 17:00:49.922] [TID:5] [AppServerBase`2.ExecuteCommand => MainServer.OnPacketReceived => NLogLog.Debug]: 세션 번호 8f99ffff-9418-4044-b84b-a00d657d9561 받은 데이터 크기: 9, ThreadId: 5
[2024/04/23 17:00:49.922] [TID:10] [PacketProcessor.Process => PKHRoom.RequestChat => NLogLog.Debug]: Room RequestChat
[2024/04/23 17:00:56.319] [TID:5] [AppServerBase`2.ExecuteCommand => MainServer.OnPacketReceived => NLogLog.Debug]: 세션 번호 8f99ffff-9418-4044-b84b-a00d657d9561 받은 데이터 크기: 2, ThreadId: 5
[2024/04/23 17:00:56.319] [TID:10] [PacketProcessor.Process => PKHRoom.RequestRoomEnter => NLogLog.Debug]: RequestRoomEnter
[2024/04/23 17:00:59.363] [TID:5] [AppServerBase`2.ExecuteCommand => MainServer.OnPacketReceived => NLogLog.Debug]: 세션 번호 8f99ffff-9418-4044-b84b-a00d657d9561 받은 데이터 크기: 0, ThreadId: 5
[2024/04/23 17:00:59.363] [TID:10] [PacketProcessor.Process => PKHRoom.RequestLeave => NLogLog.Debug]: 로그인 요청 받음
[2024/04/23 17:01:02.208] [TID:5] [AppServerBase`2.ExecuteCommand => MainServer.OnPacketReceived => NLogLog.Debug]: 세션 번호 8f99ffff-9418-4044-b84b-a00d657d9561 받은 데이터 크기: 2, ThreadId: 5
[2024/04/23 17:01:02.208] [TID:10] [PacketProcessor.Process => PKHRoom.RequestRoomEnter => NLogLog.Debug]: RequestRoomEnter
[2024/04/23 17:01:05.018] [TID:8] [AppServerBase`2.ExecuteCommand => MainServer.OnPacketReceived => NLogLog.Debug]: 세션 번호 8f99ffff-9418-4044-b84b-a00d657d9561 받은 데이터 크기: 0, ThreadId: 8
[2024/04/23 17:01:05.018] [TID:10] [PacketProcessor.Process => PKHRoom.RequestLeave => NLogLog.Debug]: 로그인 요청 받음
[2024/04/23 17:01:11.909] [TID:8] [AppServerBase`2.ExecuteCommand => MainServer.OnPacketReceived => NLogLog.Debug]: 세션 번호 8f99ffff-9418-4044-b84b-a00d657d9561 받은 데이터 크기: 5, ThreadId: 8
[2024/04/23 17:01:15.429] [TID:7] [AppServerBase`2.ExecuteCommand => MainServer.OnPacketReceived => NLogLog.Debug]: 세션 번호 8f99ffff-9418-4044-b84b-a00d657d9561 받은 데이터 크기: 5, ThreadId: 7
[2024/04/23 17:01:22.438] [TID:8] [AppServerBase`2.ExecuteCommand => MainServer.OnPacketReceived => NLogLog.Debug]: 세션 번호 8f99ffff-9418-4044-b84b-a00d657d9561 받은 데이터 크기: 13, ThreadId: 8
[2024/04/23 17:01:22.438] [TID:10] [PacketProcessor.Process => PKHCommon.RequestLogin => NLogLog.Debug]: 로그인 요청 받음
[2024/04/23 17:01:22.451] [TID:10] [PacketProcessor.Process => PKHCommon.RequestLogin => NLogLog.Debug]: 로그인 요청 답변 보냄
[2024/04/23 17:01:24.986] [TID:12] [AppServerBase`2.ExecuteCommand => MainServer.OnPacketReceived => NLogLog.Debug]: 세션 번호 8f99ffff-9418-4044-b84b-a00d657d9561 받은 데이터 크기: 2, ThreadId: 12
[2024/04/23 17:01:24.986] [TID:10] [PacketProcessor.Process => PKHRoom.RequestRoomEnter => NLogLog.Debug]: RequestRoomEnter
[2024/04/23 17:01:24.994] [TID:10] [PacketProcessor.Process => PKHRoom.RequestRoomEnter => NLogLog.Debug]: RequestEnterInternal - Success
[2024/04/23 17:01:27.606] [TID:12] [AppServerBase`2.ExecuteCommand => MainServer.OnPacketReceived => NLogLog.Debug]: 세션 번호 8f99ffff-9418-4044-b84b-a00d657d9561 받은 데이터 크기: 0, ThreadId: 12
[2024/04/23 17:01:27.606] [TID:10] [PacketProcessor.Process => PKHRoom.RequestLeave => NLogLog.Debug]: 로그인 요청 받음
[2024/04/23 17:01:27.606] [TID:10] [PKHRoom.RequestLeave => PKHRoom.LeaveRoomUser => NLogLog.Debug]: LeaveRoomUser. SessionID:8f99ffff-9418-4044-b84b-a00d657d9561
[2024/04/23 17:01:27.606] [TID:10] [PacketProcessor.Process => PKHRoom.RequestLeave => NLogLog.Debug]: Room RequestLeave - Success
[2024/04/23 17:01:29.469] [TID:12] [AppServerBase`2.ExecuteCommand => MainServer.OnPacketReceived => NLogLog.Debug]: 세션 번호 8f99ffff-9418-4044-b84b-a00d657d9561 받은 데이터 크기: 9, ThreadId: 12
[2024/04/23 17:01:29.469] [TID:10] [PacketProcessor.Process => PKHRoom.RequestChat => NLogLog.Debug]: Room RequestChat
[2024/04/23 17:01:31.199] [TID:12] [AppServerBase`2.ExecuteCommand => MainServer.OnPacketReceived => NLogLog.Debug]: 세션 번호 8f99ffff-9418-4044-b84b-a00d657d9561 받은 데이터 크기: 9, ThreadId: 12
[2024/04/23 17:01:31.199] [TID:10] [PacketProcessor.Process => PKHRoom.RequestChat => NLogLog.Debug]: Room RequestChat
[2024/04/23 17:01:34.136] [TID:8] [AppServerBase`2.ExecuteCommand => MainServer.OnPacketReceived => NLogLog.Debug]: 세션 번호 8f99ffff-9418-4044-b84b-a00d657d9561 받은 데이터 크기: 0, ThreadId: 8
[2024/04/23 17:01:34.136] [TID:10] [PacketProcessor.Process => PKHRoom.RequestLeave => NLogLog.Debug]: 로그인 요청 받음
[2024/04/23 17:01:34.136] [TID:10] [PKHRoom.RequestLeave => PKHRoom.LeaveRoomUser => NLogLog.Debug]: LeaveRoomUser. SessionID:8f99ffff-9418-4044-b84b-a00d657d9561
[2024/04/23 17:01:34.949] [TID:5] [AppServerBase`2.ExecuteCommand => MainServer.OnPacketReceived => NLogLog.Debug]: 세션 번호 8f99ffff-9418-4044-b84b-a00d657d9561 받은 데이터 크기: 0, ThreadId: 5
[2024/04/23 17:01:34.949] [TID:10] [PacketProcessor.Process => PKHRoom.RequestLeave => NLogLog.Debug]: 로그인 요청 받음
[2024/04/23 17:01:34.949] [TID:10] [PKHRoom.RequestLeave => PKHRoom.LeaveRoomUser => NLogLog.Debug]: LeaveRoomUser. SessionID:8f99ffff-9418-4044-b84b-a00d657d9561
[2024/04/23 17:01:35.749] [TID:12] [AppServerBase`2.ExecuteCommand => MainServer.OnPacketReceived => NLogLog.Debug]: 세션 번호 8f99ffff-9418-4044-b84b-a00d657d9561 받은 데이터 크기: 0, ThreadId: 12
[2024/04/23 17:01:35.749] [TID:10] [PacketProcessor.Process => PKHRoom.RequestLeave => NLogLog.Debug]: 로그인 요청 받음
[2024/04/23 17:01:35.749] [TID:10] [PKHRoom.RequestLeave => PKHRoom.LeaveRoomUser => NLogLog.Debug]: LeaveRoomUser. SessionID:8f99ffff-9418-4044-b84b-a00d657d9561
[2024/04/23 17:01:36.507] [TID:12] [AppServerBase`2.ExecuteCommand => MainServer.OnPacketReceived => NLogLog.Debug]: 세션 번호 8f99ffff-9418-4044-b84b-a00d657d9561 받은 데이터 크기: 0, ThreadId: 12
[2024/04/23 17:01:36.507] [TID:10] [PacketProcessor.Process => PKHRoom.RequestLeave => NLogLog.Debug]: 로그인 요청 받음
[2024/04/23 17:01:36.507] [TID:10] [PKHRoom.RequestLeave => PKHRoom.LeaveRoomUser => NLogLog.Debug]: LeaveRoomUser. SessionID:8f99ffff-9418-4044-b84b-a00d657d9561
[2024/04/23 17:01:37.345] [TID:12] [AppServerBase`2.ExecuteCommand => MainServer.OnPacketReceived => NLogLog.Debug]: 세션 번호 8f99ffff-9418-4044-b84b-a00d657d9561 받은 데이터 크기: 0, ThreadId: 12
[2024/04/23 17:01:37.345] [TID:10] [PacketProcessor.Process => PKHRoom.RequestLeave => NLogLog.Debug]: 로그인 요청 받음
[2024/04/23 17:01:37.345] [TID:10] [PKHRoom.RequestLeave => PKHRoom.LeaveRoomUser => NLogLog.Debug]: LeaveRoomUser. SessionID:8f99ffff-9418-4044-b84b-a00d657d9561
[2024/04/23 17:01:38.935] [TID:8] [AppServerBase`2.ExecuteCommand => MainServer.OnPacketReceived => NLogLog.Debug]: 세션 번호 8f99ffff-9418-4044-b84b-a00d657d9561 받은 데이터 크기: 0, ThreadId: 8
[2024/04/23 17:01:40.926] [TID:5] [<>c__DisplayClass116_0.<OnSessionClosed>b__0 => MainServer.OnClosed => NLogLog.Info]: 세션 번호 8f99ffff-9418-4044-b84b-a00d657d9561 접속해제: SocketError
[2024/04/23 17:01:40.926] [TID:10] [PacketProcessor.Process => PKHCommon.NotifyInDisConnectClient => NLogLog.Debug]: Current Connected Session Count: 0
[2024/04/23 17:01:54.317] [TID:5] [<>c__DisplayClass108_0.<OnNewSessionConnected>b__0 => MainServer.OnConnected => NLogLog.Info]: 세션 번호 51768297-c451-4417-875d-994538cd0d7b 접속
[2024/04/23 17:01:54.317] [TID:10] [PacketProcessor.Process => PKHCommon.NotifyInConnectClient => NLogLog.Debug]: Current Connected Session Count: 1
[2024/04/23 17:01:56.036] [TID:5] [AppServerBase`2.ExecuteCommand => MainServer.OnPacketReceived => NLogLog.Debug]: 세션 번호 51768297-c451-4417-875d-994538cd0d7b 받은 데이터 크기: 9, ThreadId: 5
[2024/04/23 17:01:56.036] [TID:10] [PacketProcessor.Process => PKHRoom.RequestChat => NLogLog.Debug]: Room RequestChat
[2024/04/23 17:01:59.324] [TID:5] [<>c__DisplayClass116_0.<OnSessionClosed>b__0 => MainServer.OnClosed => NLogLog.Info]: 세션 번호 51768297-c451-4417-875d-994538cd0d7b 접속해제: SocketError
[2024/04/23 17:01:59.324] [TID:10] [PacketProcessor.Process => PKHCommon.NotifyInDisConnectClient => NLogLog.Debug]: Current Connected Session Count: 0
[2024/04/24 22:47:20.818] [TID:1] [Program.Main => MainServer.CreateStartServer => NLogLog.Info]: 서버 초기화 성공
[2024/04/24 22:47:20.831] [TID:1] [MainServer.CreateStartServer => MainServer.CreateComponent => NLogLog.Info]: CreateComponent - Success
[2024/04/24 22:47:20.851] [TID:1] [AsyncSocketServer.Start => SocketServerBase.Start => NLogLog.Debug]: Listener (0.0.0.0:32452) was started
[2024/04/24 22:47:20.851] [TID:1] [AppServer`2.Start => AppServerBase`2.Start => NLogLog.Info]: The server instance ChatServer has been started!
[2024/04/24 22:47:20.851] [TID:1] [Program.Main => MainServer.CreateStartServer => NLogLog.Info]: 서버 생성 성공
[2024/04/24 22:47:20.851] [TID:1] [Program.Main => NLogLog.Info]: Press q to shut down the server
[2024/04/25 00:06:26.083] [TID:1] [Program.Main => MainServer.CreateStartServer => NLogLog.Info]: 서버 초기화 성공
[2024/04/25 00:06:26.096] [TID:1] [MainServer.CreateStartServer => MainServer.CreateComponent => NLogLog.Info]: CreateComponent - Success
[2024/04/25 00:06:26.110] [TID:1] [AsyncSocketServer.Start => SocketServerBase.Start => NLogLog.Debug]: Listener (0.0.0.0:32452) was started
[2024/04/25 00:06:26.110] [TID:1] [AppServer`2.Start => AppServerBase`2.Start => NLogLog.Info]: The server instance ChatServer has been started!
[2024/04/25 00:06:26.110] [TID:1] [Program.Main => MainServer.CreateStartServer => NLogLog.Info]: 서버 생성 성공
[2024/04/25 00:06:26.110] [TID:1] [Program.Main => NLogLog.Info]: Press q to shut down the server
[2024/04/25 00:08:13.998] [TID:12] [<>c__DisplayClass108_0.<OnNewSessionConnected>b__0 => MainServer.OnConnected => NLogLog.Info]: 세션 번호 3243cb7f-a2ff-4cdd-9db4-ce5520201354 접속
[2024/04/25 00:08:13.998] [TID:10] [PacketProcessor.Process => PKHCommon.NotifyInConnectClient => NLogLog.Debug]: Current Connected Session Count: 1
[2024/04/25 00:08:27.313] [TID:13] [AppServerBase`2.ExecuteCommand => MainServer.OnPacketReceived => NLogLog.Debug]: 세션 번호 3243cb7f-a2ff-4cdd-9db4-ce5520201354 받은 데이터 크기: 2, ThreadId: 13
[2024/04/25 00:08:27.313] [TID:10] [PacketProcessor.Process => PKHRoom.RequestRoomEnter => NLogLog.Debug]: RequestRoomEnter
[2024/04/25 00:08:27.380] [TID:5] [AppServerBase`2.ExecuteCommand => MainServer.OnPacketReceived => NLogLog.Debug]: 세션 번호 3243cb7f-a2ff-4cdd-9db4-ce5520201354 받은 데이터 크기: 2, ThreadId: 5
[2024/04/25 00:08:27.380] [TID:10] [PacketProcessor.Process => PKHRoom.RequestRoomEnter => NLogLog.Debug]: RequestRoomEnter
[2024/04/25 00:08:31.547] [TID:5] [AppServerBase`2.ExecuteCommand => MainServer.OnPacketReceived => NLogLog.Debug]: 세션 번호 3243cb7f-a2ff-4cdd-9db4-ce5520201354 받은 데이터 크기: 6, ThreadId: 5
[2024/04/25 00:08:31.547] [TID:10] [PacketProcessor.Process => PKHRoom.RequestChat => NLogLog.Debug]: Room RequestChat
[2024/04/25 00:08:32.609] [TID:12] [AppServerBase`2.ExecuteCommand => MainServer.OnPacketReceived => NLogLog.Debug]: 세션 번호 3243cb7f-a2ff-4cdd-9db4-ce5520201354 받은 데이터 크기: 6, ThreadId: 12
[2024/04/25 00:08:32.609] [TID:10] [PacketProcessor.Process => PKHRoom.RequestChat => NLogLog.Debug]: Room RequestChat
[2024/04/25 00:08:33.533] [TID:5] [AppServerBase`2.ExecuteCommand => MainServer.OnPacketReceived => NLogLog.Debug]: 세션 번호 3243cb7f-a2ff-4cdd-9db4-ce5520201354 받은 데이터 크기: 6, ThreadId: 5
[2024/04/25 00:08:33.533] [TID:10] [PacketProcessor.Process => PKHRoom.RequestChat => NLogLog.Debug]: Room RequestChat
[2024/04/25 00:08:39.386] [TID:5] [<>c__DisplayClass116_0.<OnSessionClosed>b__0 => MainServer.OnClosed => NLogLog.Info]: 세션 번호 3243cb7f-a2ff-4cdd-9db4-ce5520201354 접속해제: SocketError
[2024/04/25 00:08:39.386] [TID:10] [PacketProcessor.Process => PKHCommon.NotifyInDisConnectClient => NLogLog.Debug]: Current Connected Session Count: 0
