[2024/05/16 02:01:28.385] [TID:1] [MainServer.CreateServer => MainServer.CreateComponent => NLogLog.Info]: CreateComponent - Success
[2024/05/16 02:01:28.398] [TID:1] [MainServer.AppOnStarted => MainServer.CreateServer => NLogLog.Info]: 서버 생성 성공
[2024/05/16 02:01:28.398] [TID:1] [AppServer`2.Start => AppServerBase`2.Start => NLogLog.Info]: The server instance PvPGameServer has been started!
[2024/05/16 02:01:38.114] [TID:1] [MainServer.CreateServer => MainServer.CreateComponent => NLogLog.Info]: CreateComponent - Success
[2024/05/16 02:01:38.114] [TID:1] [MainServer.AppOnStarted => MainServer.CreateServer => NLogLog.Info]: 서버 생성 성공
[2024/05/16 02:01:38.134] [TID:1] [AppServer`2.Start => AppServerBase`2.Start => NLogLog.Info]: The server instance PvPGameServer has been started!
[2024/05/16 03:01:07.586] [TID:1] [MainServer.CreateServer => MainServer.CreateComponent => NLogLog.Info]: CreateComponent - Success
[2024/05/16 03:01:07.586] [TID:1] [MainServer.AppOnStarted => MainServer.CreateServer => NLogLog.Info]: 서버 생성 성공
[2024/05/16 03:01:07.605] [TID:1] [AppServer`2.Start => AppServerBase`2.Start => NLogLog.Info]: The server instance PvPGameServer has been started!
[2024/05/16 03:36:42.879] [TID:1] [MainServer.CreateServer => MainServer.CreateComponent => NLogLog.Info]: CreateComponent - Success
[2024/05/16 03:36:42.890] [TID:1] [MainServer.AppOnStarted => MainServer.CreateServer => NLogLog.Info]: 서버 생성 성공
[2024/05/16 03:36:42.899] [TID:1] [AppServer`2.Start => AppServerBase`2.Start => NLogLog.Info]: The server instance PvPGameServer has been started!
[2024/05/16 03:38:46.878] [TID:1] [MainServer.CreateServer => MainServer.CreateComponent => NLogLog.Info]: CreateComponent - Success
[2024/05/16 03:38:46.890] [TID:1] [MainServer.AppOnStarted => MainServer.CreateServer => NLogLog.Info]: 서버 생성 성공
[2024/05/16 03:38:46.897] [TID:1] [AppServer`2.Start => AppServerBase`2.Start => NLogLog.Info]: The server instance PvPGameServer has been started!
[2024/05/16 03:42:49.767] [TID:1] [MainServer.CreateServer => MainServer.CreateComponent => NLogLog.Info]: CreateComponent - Success
[2024/05/16 03:42:49.779] [TID:1] [MainServer.AppOnStarted => MainServer.CreateServer => NLogLog.Info]: 서버 생성 성공
[2024/05/16 03:42:49.786] [TID:1] [AppServer`2.Start => AppServerBase`2.Start => NLogLog.Info]: The server instance PvPGameServer has been started!
[2024/05/16 03:44:36.641] [TID:1] [MainServer.CreateServer => MainServer.CreateComponent => NLogLog.Info]: CreateComponent - Success
[2024/05/16 03:44:36.652] [TID:1] [MainServer.AppOnStarted => MainServer.CreateServer => NLogLog.Info]: 서버 생성 성공
[2024/05/16 03:44:36.652] [TID:1] [AppServer`2.Start => AppServerBase`2.Start => NLogLog.Info]: The server instance PvPGameServer has been started!
[2024/05/17 16:08:57.641] [TID:1] [MainServer.CreateServer => MainServer.CreateComponent => NLogLog.Info]: CreateComponent - Success
[2024/05/17 16:08:57.747] [TID:1] [MainServer.AppOnStarted => MainServer.CreateServer => NLogLog.Info]: 서버 생성 성공
[2024/05/17 16:08:57.747] [TID:1] [AppServer`2.Start => AppServerBase`2.Start => NLogLog.Info]: The server instance PvPGameServer has been started!
[2024/05/17 16:11:16.663] [TID:1] [MainServer.CreateServer => MainServer.CreateComponent => NLogLog.Info]: CreateComponent - Success
[2024/05/17 16:11:16.674] [TID:1] [MainServer.AppOnStarted => MainServer.CreateServer => NLogLog.Info]: 서버 생성 성공
[2024/05/17 16:11:16.681] [TID:1] [AppServer`2.Start => AppServerBase`2.Start => NLogLog.Info]: The server instance PvPGameServer has been started!
[2024/05/17 16:13:38.978] [TID:1] [MainServer.CreateServer => MainServer.CreateComponent => NLogLog.Info]: CreateComponent - Success
[2024/05/17 16:13:38.990] [TID:1] [MainServer.AppOnStarted => MainServer.CreateServer => NLogLog.Info]: 서버 생성 성공
[2024/05/17 16:13:38.997] [TID:1] [AppServer`2.Start => AppServerBase`2.Start => NLogLog.Info]: The server instance PvPGameServer has been started!
[2024/05/17 16:14:12.509] [TID:1] [MainServer.CreateServer => MainServer.CreateComponent => NLogLog.Info]: CreateComponent - Success
[2024/05/17 16:14:12.521] [TID:1] [MainServer.AppOnStarted => MainServer.CreateServer => NLogLog.Info]: 서버 생성 성공
[2024/05/17 16:14:12.528] [TID:1] [AppServer`2.Start => AppServerBase`2.Start => NLogLog.Info]: The server instance PvPGameServer has been started!
[2024/05/17 16:14:59.660] [TID:25] [<>c__DisplayClass108_0.<OnNewSessionConnected>b__0 => MainServer.OnConnected => NLogLog.Info]: 세션 번호 08a01e33-19a4-4c96-b908-5ee472ae3c8a 접속
[2024/05/17 16:15:05.926] [TID:11] [<>c__DisplayClass116_0.<OnSessionClosed>b__0 => MainServer.OnClosed => NLogLog.Info]: 세션 번호 08a01e33-19a4-4c96-b908-5ee472ae3c8a 접속해제: SocketError
[2024/05/17 16:15:11.546] [TID:11] [<>c__DisplayClass108_0.<OnNewSessionConnected>b__0 => MainServer.OnConnected => NLogLog.Info]: 세션 번호 f5223c7f-10f1-44af-9f7e-6d4aa8d3d06b 접속
[2024/05/17 16:15:13.983] [TID:11] [<>c__DisplayClass116_0.<OnSessionClosed>b__0 => MainServer.OnClosed => NLogLog.Info]: 세션 번호 f5223c7f-10f1-44af-9f7e-6d4aa8d3d06b 접속해제: SocketError
[2024/05/17 16:15:19.044] [TID:7] [<>c__DisplayClass108_0.<OnNewSessionConnected>b__0 => MainServer.OnConnected => NLogLog.Info]: 세션 번호 de030441-035e-4c65-b019-5ca33dac04f4 접속
[2024/05/17 16:15:19.869] [TID:7] [<>c__DisplayClass108_0.<OnNewSessionConnected>b__0 => MainServer.OnConnected => NLogLog.Info]: 세션 번호 b8171d39-bd99-4637-8489-15691fc5a535 접속
[2024/05/17 16:15:22.080] [TID:29] [<>c__DisplayClass108_0.<OnNewSessionConnected>b__0 => MainServer.OnConnected => NLogLog.Info]: 세션 번호 cf4620e2-1e0f-4eb1-967c-549dc5cf12de 접속
[2024/05/17 16:15:22.589] [TID:25] [<>c__DisplayClass108_0.<OnNewSessionConnected>b__0 => MainServer.OnConnected => NLogLog.Info]: 세션 번호 627bd3fa-24d1-4410-8187-5efa622a5775 접속
[2024/05/17 16:15:23.376] [TID:28] [<>c__DisplayClass116_0.<OnSessionClosed>b__0 => MainServer.OnClosed => NLogLog.Info]: 세션 번호 627bd3fa-24d1-4410-8187-5efa622a5775 접속해제: ClientClosing
[2024/05/17 16:15:23.779] [TID:28] [<>c__DisplayClass116_0.<OnSessionClosed>b__0 => MainServer.OnClosed => NLogLog.Info]: 세션 번호 de030441-035e-4c65-b019-5ca33dac04f4 접속해제: SocketError
[2024/05/17 16:15:23.779] [TID:25] [<>c__DisplayClass116_0.<OnSessionClosed>b__0 => MainServer.OnClosed => NLogLog.Info]: 세션 번호 b8171d39-bd99-4637-8489-15691fc5a535 접속해제: SocketError
[2024/05/17 16:15:23.779] [TID:11] [<>c__DisplayClass116_0.<OnSessionClosed>b__0 => MainServer.OnClosed => NLogLog.Info]: 세션 번호 cf4620e2-1e0f-4eb1-967c-549dc5cf12de 접속해제: SocketError
[2024/05/17 16:15:59.490] [TID:25] [<>c__DisplayClass108_0.<OnNewSessionConnected>b__0 => MainServer.OnConnected => NLogLog.Info]: 세션 번호 de92e498-c1b2-4e96-9879-2a8a0d7530f1 접속
[2024/05/17 16:16:01.056] [TID:11] [<>c__DisplayClass116_0.<OnSessionClosed>b__0 => MainServer.OnClosed => NLogLog.Info]: 세션 번호 de92e498-c1b2-4e96-9879-2a8a0d7530f1 접속해제: SocketError
[2024/05/17 16:16:23.997] [TID:28] [<>c__DisplayClass108_0.<OnNewSessionConnected>b__0 => MainServer.OnConnected => NLogLog.Info]: 세션 번호 fc4102a3-22dd-4d48-a5a3-d4a3c4a8d4f7 접속
[2024/05/17 16:16:24.927] [TID:11] [<>c__DisplayClass116_0.<OnSessionClosed>b__0 => MainServer.OnClosed => NLogLog.Info]: 세션 번호 fc4102a3-22dd-4d48-a5a3-d4a3c4a8d4f7 접속해제: SocketError
[2024/05/17 16:16:37.294] [TID:28] [<>c__DisplayClass108_0.<OnNewSessionConnected>b__0 => MainServer.OnConnected => NLogLog.Info]: 세션 번호 a58658de-1594-4648-a3b5-3ff80b50eb6e 접속
[2024/05/17 16:16:38.628] [TID:11] [<>c__DisplayClass116_0.<OnSessionClosed>b__0 => MainServer.OnClosed => NLogLog.Info]: 세션 번호 a58658de-1594-4648-a3b5-3ff80b50eb6e 접속해제: SocketError
[2024/05/17 16:19:45.094] [TID:1] [MainServer.CreateServer => MainServer.CreateComponent => NLogLog.Info]: CreateComponent - Success
[2024/05/17 16:19:45.106] [TID:1] [MainServer.AppOnStarted => MainServer.CreateServer => NLogLog.Info]: 서버 생성 성공
[2024/05/17 16:19:45.106] [TID:1] [AppServer`2.Start => AppServerBase`2.Start => NLogLog.Info]: The server instance PvPGameServer has been started!
[2024/05/17 16:24:07.985] [TID:1] [MainServer.CreateServer => MainServer.CreateComponent => NLogLog.Info]: CreateComponent - Success
[2024/05/17 16:24:07.996] [TID:1] [MainServer.AppOnStarted => MainServer.CreateServer => NLogLog.Info]: 서버 생성 성공
[2024/05/17 16:24:07.996] [TID:1] [AppServer`2.Start => AppServerBase`2.Start => NLogLog.Info]: The server instance PvPGameServer has been started!
[2024/05/17 16:24:28.908] [TID:11] [<>c__DisplayClass108_0.<OnNewSessionConnected>b__0 => MainServer.OnConnected => NLogLog.Info]: 세션 번호 9a048543-6499-43eb-92c0-0e449ac30c0f 접속
[2024/05/17 16:24:29.656] [TID:10] [<>c__DisplayClass108_0.<OnNewSessionConnected>b__0 => MainServer.OnConnected => NLogLog.Info]: 세션 번호 99a18220-c019-4da7-8f2c-aec527b41d1d 접속
[2024/05/17 16:24:36.681] [TID:11] [<>c__DisplayClass116_0.<OnSessionClosed>b__0 => MainServer.OnClosed => NLogLog.Info]: 세션 번호 9a048543-6499-43eb-92c0-0e449ac30c0f 접속해제: SocketError
[2024/05/17 16:24:37.744] [TID:25] [<>c__DisplayClass116_0.<OnSessionClosed>b__0 => MainServer.OnClosed => NLogLog.Info]: 세션 번호 99a18220-c019-4da7-8f2c-aec527b41d1d 접속해제: SocketError
[2024/05/17 17:16:42.852] [TID:1] [MainServer.CreateServer => MainServer.CreateComponent => NLogLog.Info]: CreateComponent - Success
[2024/05/17 17:16:42.897] [TID:1] [MainServer.AppOnStarted => MainServer.CreateServer => NLogLog.Info]: 서버 생성 성공
[2024/05/17 17:16:42.934] [TID:1] [AppServer`2.Start => AppServerBase`2.Start => NLogLog.Info]: The server instance PvPGameServer has been started!
[2024/05/17 17:17:27.868] [TID:10] [<>c__DisplayClass108_0.<OnNewSessionConnected>b__0 => MainServer.OnConnected => NLogLog.Info]: 세션 번호 0eda48bc-be9f-445f-b1bb-23ddcbaf0941 접속
[2024/05/17 17:34:26.128] [TID:1] [MainServer.CreateServer => MainServer.CreateComponent => NLogLog.Info]: CreateComponent - Success
[2024/05/17 17:34:26.142] [TID:1] [MainServer.AppOnStarted => MainServer.CreateServer => NLogLog.Info]: 서버 생성 성공
[2024/05/17 17:34:26.151] [TID:1] [AppServer`2.Start => AppServerBase`2.Start => NLogLog.Info]: The server instance PvPGameServer has been started!
[2024/05/17 17:35:05.899] [TID:26] [<>c__DisplayClass108_0.<OnNewSessionConnected>b__0 => MainServer.OnConnected => NLogLog.Info]: 세션 번호 c642a15f-c534-4082-a13e-031144f340b4 접속
[2024/05/17 17:35:08.913] [TID:26] [<>c__DisplayClass108_0.<OnNewSessionConnected>b__0 => MainServer.OnConnected => NLogLog.Info]: 세션 번호 9821ac15-6a71-44b4-a990-5718d6bdf3fd 접속
[2024/05/17 17:36:30.583] [TID:11] [<>c__DisplayClass116_0.<OnSessionClosed>b__0 => MainServer.OnClosed => NLogLog.Info]: 세션 번호 9821ac15-6a71-44b4-a990-5718d6bdf3fd 접속해제: SocketError
[2024/05/17 17:37:07.977] [TID:11] [<>c__DisplayClass116_0.<OnSessionClosed>b__0 => MainServer.OnClosed => NLogLog.Info]: 세션 번호 c642a15f-c534-4082-a13e-031144f340b4 접속해제: SocketError
[2024/05/17 17:43:58.252] [TID:1] [MainServer.CreateServer => MainServer.CreateComponent => NLogLog.Info]: CreateComponent - Success
[2024/05/17 17:43:58.264] [TID:1] [MainServer.AppOnStarted => MainServer.CreateServer => NLogLog.Info]: 서버 생성 성공
[2024/05/17 17:43:58.264] [TID:1] [AppServer`2.Start => AppServerBase`2.Start => NLogLog.Info]: The server instance PvPGameServer has been started!
[2024/05/17 17:44:48.117] [TID:7] [<>c__DisplayClass108_0.<OnNewSessionConnected>b__0 => MainServer.OnConnected => NLogLog.Info]: 세션 번호 44f486ad-4a25-4395-b4d6-39a6f518569b 접속
[2024/05/17 17:44:48.709] [TID:26] [<>c__DisplayClass108_0.<OnNewSessionConnected>b__0 => MainServer.OnConnected => NLogLog.Info]: 세션 번호 29a57661-9e8e-4f6a-becb-9ef3b404c27e 접속
[2024/05/17 17:46:05.257] [TID:7] [<>c__DisplayClass116_0.<OnSessionClosed>b__0 => MainServer.OnClosed => NLogLog.Info]: 세션 번호 29a57661-9e8e-4f6a-becb-9ef3b404c27e 접속해제: SocketError
[2024/05/17 17:46:06.441] [TID:7] [<>c__DisplayClass116_0.<OnSessionClosed>b__0 => MainServer.OnClosed => NLogLog.Info]: 세션 번호 44f486ad-4a25-4395-b4d6-39a6f518569b 접속해제: SocketError
[2024/05/17 17:46:21.822] [TID:1] [MainServer.CreateServer => MainServer.CreateComponent => NLogLog.Info]: CreateComponent - Success
[2024/05/17 17:46:21.875] [TID:1] [MainServer.AppOnStarted => MainServer.CreateServer => NLogLog.Info]: 서버 생성 성공
[2024/05/17 17:46:21.907] [TID:1] [AppServer`2.Start => AppServerBase`2.Start => NLogLog.Info]: The server instance PvPGameServer has been started!
[2024/05/17 17:47:20.028] [TID:8] [<>c__DisplayClass108_0.<OnNewSessionConnected>b__0 => MainServer.OnConnected => NLogLog.Info]: 세션 번호 d6051d0d-ef84-4b35-88c3-bb5ad6cfaf05 접속
[2024/05/17 17:47:24.643] [TID:27] [<>c__DisplayClass108_0.<OnNewSessionConnected>b__0 => MainServer.OnConnected => NLogLog.Info]: 세션 번호 4de60419-001a-409f-b9d6-3f15912dc793 접속
[2024/05/17 17:49:01.021] [TID:1] [MainServer.CreateServer => MainServer.CreateComponent => NLogLog.Info]: CreateComponent - Success
[2024/05/17 17:49:01.034] [TID:1] [MainServer.AppOnStarted => MainServer.CreateServer => NLogLog.Info]: 서버 생성 성공
[2024/05/17 17:49:01.041] [TID:1] [AppServer`2.Start => AppServerBase`2.Start => NLogLog.Info]: The server instance PvPGameServer has been started!
[2024/05/17 17:49:25.652] [TID:26] [<>c__DisplayClass108_0.<OnNewSessionConnected>b__0 => MainServer.OnConnected => NLogLog.Info]: 세션 번호 c3de7887-c873-49f4-9175-9b06e080e8fa 접속
[2024/05/17 17:49:26.113] [TID:25] [<>c__DisplayClass108_0.<OnNewSessionConnected>b__0 => MainServer.OnConnected => NLogLog.Info]: 세션 번호 97a88aeb-5ba7-445e-9e61-7838394924fd 접속
[2024/05/17 17:49:31.074] [TID:25] [<>c__DisplayClass116_0.<OnSessionClosed>b__0 => MainServer.OnClosed => NLogLog.Info]: 세션 번호 c3de7887-c873-49f4-9175-9b06e080e8fa 접속해제: SocketError
[2024/05/17 17:49:31.604] [TID:25] [<>c__DisplayClass116_0.<OnSessionClosed>b__0 => MainServer.OnClosed => NLogLog.Info]: 세션 번호 97a88aeb-5ba7-445e-9e61-7838394924fd 접속해제: SocketError
[2024/05/17 17:49:51.313] [TID:1] [MainServer.CreateServer => MainServer.CreateComponent => NLogLog.Info]: CreateComponent - Success
[2024/05/17 17:49:51.359] [TID:1] [MainServer.AppOnStarted => MainServer.CreateServer => NLogLog.Info]: 서버 생성 성공
[2024/05/17 17:49:51.401] [TID:1] [AppServer`2.Start => AppServerBase`2.Start => NLogLog.Info]: The server instance PvPGameServer has been started!
[2024/05/17 17:50:05.953] [TID:28] [<>c__DisplayClass108_0.<OnNewSessionConnected>b__0 => MainServer.OnConnected => NLogLog.Info]: 세션 번호 a3e770bb-5a48-4c9c-85e0-3dc1e4031467 접속
[2024/05/17 17:50:05.953] [TID:10] [<>c__DisplayClass108_0.<OnNewSessionConnected>b__0 => MainServer.OnConnected => NLogLog.Info]: 세션 번호 1eaf5f7d-b9ae-4667-b10c-1b330bb2f159 접속
[2024/05/17 17:53:23.470] [TID:1] [MainServer.CreateServer => MainServer.CreateComponent => NLogLog.Info]: CreateComponent - Success
[2024/05/17 17:53:23.482] [TID:1] [MainServer.AppOnStarted => MainServer.CreateServer => NLogLog.Info]: 서버 생성 성공
[2024/05/17 17:53:23.482] [TID:1] [AppServer`2.Start => AppServerBase`2.Start => NLogLog.Info]: The server instance PvPGameServer has been started!
[2024/05/17 17:53:44.378] [TID:9] [<>c__DisplayClass108_0.<OnNewSessionConnected>b__0 => MainServer.OnConnected => NLogLog.Info]: 세션 번호 290b1800-bde1-4c4a-8b9f-0db51ced65be 접속
[2024/05/17 17:53:44.919] [TID:7] [<>c__DisplayClass108_0.<OnNewSessionConnected>b__0 => MainServer.OnConnected => NLogLog.Info]: 세션 번호 28c3d7db-9ed1-4bb5-8206-b40bf6007e4b 접속
[2024/05/17 17:57:51.326] [TID:1] [MainServer.CreateServer => MainServer.CreateComponent => NLogLog.Info]: CreateComponent - Success
[2024/05/17 17:57:51.337] [TID:1] [MainServer.AppOnStarted => MainServer.CreateServer => NLogLog.Info]: 서버 생성 성공
[2024/05/17 17:57:51.337] [TID:1] [AppServer`2.Start => AppServerBase`2.Start => NLogLog.Info]: The server instance PvPGameServer has been started!
[2024/05/17 17:58:07.630] [TID:7] [<>c__DisplayClass108_0.<OnNewSessionConnected>b__0 => MainServer.OnConnected => NLogLog.Info]: 세션 번호 2d696e26-68f0-4cd6-82e2-168e6e702acf 접속
[2024/05/17 17:58:08.090] [TID:7] [<>c__DisplayClass108_0.<OnNewSessionConnected>b__0 => MainServer.OnConnected => NLogLog.Info]: 세션 번호 bc49e947-f247-4725-a31b-02e2e768a194 접속
[2024/05/17 18:01:52.291] [TID:9] [<>c__DisplayClass116_0.<OnSessionClosed>b__0 => MainServer.OnClosed => NLogLog.Info]: 세션 번호 2d696e26-68f0-4cd6-82e2-168e6e702acf 접속해제: SocketError
[2024/05/17 18:01:52.845] [TID:7] [<>c__DisplayClass116_0.<OnSessionClosed>b__0 => MainServer.OnClosed => NLogLog.Info]: 세션 번호 bc49e947-f247-4725-a31b-02e2e768a194 접속해제: SocketError
[2024/05/17 18:01:59.690] [TID:1] [MainServer.CreateServer => MainServer.CreateComponent => NLogLog.Info]: CreateComponent - Success
[2024/05/17 18:01:59.702] [TID:1] [MainServer.AppOnStarted => MainServer.CreateServer => NLogLog.Info]: 서버 생성 성공
[2024/05/17 18:01:59.702] [TID:1] [AppServer`2.Start => AppServerBase`2.Start => NLogLog.Info]: The server instance PvPGameServer has been started!
[2024/05/17 18:02:16.116] [TID:11] [<>c__DisplayClass108_0.<OnNewSessionConnected>b__0 => MainServer.OnConnected => NLogLog.Info]: 세션 번호 f92dbe37-dc41-4ddb-a0b8-166568d14667 접속
[2024/05/17 18:02:17.252] [TID:9] [<>c__DisplayClass108_0.<OnNewSessionConnected>b__0 => MainServer.OnConnected => NLogLog.Info]: 세션 번호 f96049d4-3252-4750-a4a0-4ac792c547bd 접속
[2024/05/17 18:02:20.015] [TID:10] [<>c__DisplayClass116_0.<OnSessionClosed>b__0 => MainServer.OnClosed => NLogLog.Info]: 세션 번호 f96049d4-3252-4750-a4a0-4ac792c547bd 접속해제: SocketError
[2024/05/17 18:02:20.384] [TID:9] [<>c__DisplayClass116_0.<OnSessionClosed>b__0 => MainServer.OnClosed => NLogLog.Info]: 세션 번호 f92dbe37-dc41-4ddb-a0b8-166568d14667 접속해제: SocketError
[2024/05/20 01:07:13.220] [TID:1] [MainServer.CreateServer => MainServer.CreateComponent => NLogLog.Info]: CreateComponent - Success
[2024/05/20 01:07:13.253] [TID:1] [MainServer.AppOnStarted => MainServer.CreateServer => NLogLog.Info]: 서버 생성 성공
[2024/05/20 01:07:13.261] [TID:1] [AppServer`2.Start => AppServerBase`2.Start => NLogLog.Info]: The server instance PvPGameServer has been started!
[2024/05/20 01:08:03.250] [TID:10] [<>c__DisplayClass108_0.<OnNewSessionConnected>b__0 => MainServer.OnConnected => NLogLog.Info]: 세션 번호 79d775ce-ac63-4a0a-a911-6f12d169e6dd 접속
[2024/05/20 01:08:04.747] [TID:10] [<>c__DisplayClass108_0.<OnNewSessionConnected>b__0 => MainServer.OnConnected => NLogLog.Info]: 세션 번호 8c0fbad0-abbc-40d5-bb30-936aeeacc3d5 접속
[2024/05/20 01:08:30.605] [TID:9] [<>c__DisplayClass116_0.<OnSessionClosed>b__0 => MainServer.OnClosed => NLogLog.Info]: 세션 번호 79d775ce-ac63-4a0a-a911-6f12d169e6dd 접속해제: SocketError
[2024/05/20 01:08:31.078] [TID:10] [<>c__DisplayClass116_0.<OnSessionClosed>b__0 => MainServer.OnClosed => NLogLog.Info]: 세션 번호 8c0fbad0-abbc-40d5-bb30-936aeeacc3d5 접속해제: SocketError
[2024/05/20 01:24:39.477] [TID:1] [MainServer.CreateServer => MainServer.CreateComponent => NLogLog.Info]: CreateComponent - Success
[2024/05/20 01:24:39.489] [TID:1] [MainServer.AppOnStarted => MainServer.CreateServer => NLogLog.Info]: 서버 생성 성공
[2024/05/20 01:24:39.496] [TID:1] [AppServer`2.Start => AppServerBase`2.Start => NLogLog.Info]: The server instance PvPGameServer has been started!
[2024/05/20 01:25:12.710] [TID:25] [<>c__DisplayClass108_0.<OnNewSessionConnected>b__0 => MainServer.OnConnected => NLogLog.Info]: 세션 번호 a57d3f31-56f9-44c7-8e31-394a00566df7 접속
[2024/05/20 01:25:14.018] [TID:10] [<>c__DisplayClass108_0.<OnNewSessionConnected>b__0 => MainServer.OnConnected => NLogLog.Info]: 세션 번호 56f92b90-5308-4211-bbb6-c9fb99018040 접속
[2024/05/20 01:25:49.992] [TID:10] [<>c__DisplayClass116_0.<OnSessionClosed>b__0 => MainServer.OnClosed => NLogLog.Info]: 세션 번호 56f92b90-5308-4211-bbb6-c9fb99018040 접속해제: SocketError
[2024/05/20 01:25:52.516] [TID:25] [<>c__DisplayClass116_0.<OnSessionClosed>b__0 => MainServer.OnClosed => NLogLog.Info]: 세션 번호 a57d3f31-56f9-44c7-8e31-394a00566df7 접속해제: SocketError
[2024/05/20 01:27:10.151] [TID:7] [<>c__DisplayClass108_0.<OnNewSessionConnected>b__0 => MainServer.OnConnected => NLogLog.Info]: 세션 번호 fae2b3cc-d57e-4a53-8cd5-de96e211b9ab 접속
[2024/05/20 01:27:11.155] [TID:10] [<>c__DisplayClass108_0.<OnNewSessionConnected>b__0 => MainServer.OnConnected => NLogLog.Info]: 세션 번호 0d28ed9f-5a6d-4c64-81a6-a0bd9d80fe86 접속
[2024/05/20 01:27:55.082] [TID:27] [<>c__DisplayClass116_0.<OnSessionClosed>b__0 => MainServer.OnClosed => NLogLog.Info]: 세션 번호 0d28ed9f-5a6d-4c64-81a6-a0bd9d80fe86 접속해제: SocketError
[2024/05/20 01:27:55.715] [TID:27] [<>c__DisplayClass116_0.<OnSessionClosed>b__0 => MainServer.OnClosed => NLogLog.Info]: 세션 번호 fae2b3cc-d57e-4a53-8cd5-de96e211b9ab 접속해제: SocketError
[2024/05/20 01:32:31.695] [TID:1] [MainServer.CreateServer => MainServer.CreateComponent => NLogLog.Info]: CreateComponent - Success
[2024/05/20 01:32:31.707] [TID:1] [MainServer.AppOnStarted => MainServer.CreateServer => NLogLog.Info]: 서버 생성 성공
[2024/05/20 01:32:31.714] [TID:1] [AppServer`2.Start => AppServerBase`2.Start => NLogLog.Info]: The server instance PvPGameServer has been started!
[2024/05/20 01:32:58.642] [TID:10] [<>c__DisplayClass108_0.<OnNewSessionConnected>b__0 => MainServer.OnConnected => NLogLog.Info]: 세션 번호 6d4aa1ff-6155-46fd-a97d-29bb7410e025 접속
[2024/05/20 01:33:00.093] [TID:10] [<>c__DisplayClass108_0.<OnNewSessionConnected>b__0 => MainServer.OnConnected => NLogLog.Info]: 세션 번호 7dbc249a-d55d-4ce7-936c-6afa4fd029ef 접속
[2024/05/20 01:33:27.653] [TID:7] [<>c__DisplayClass116_0.<OnSessionClosed>b__0 => MainServer.OnClosed => NLogLog.Info]: 세션 번호 6d4aa1ff-6155-46fd-a97d-29bb7410e025 접속해제: SocketError
[2024/05/20 01:33:29.974] [TID:10] [<>c__DisplayClass116_0.<OnSessionClosed>b__0 => MainServer.OnClosed => NLogLog.Info]: 세션 번호 7dbc249a-d55d-4ce7-936c-6afa4fd029ef 접속해제: SocketError
[2024/05/20 01:39:12.660] [TID:9] [<>c__DisplayClass108_0.<OnNewSessionConnected>b__0 => MainServer.OnConnected => NLogLog.Info]: 세션 번호 701ce5e2-e929-4f3e-be6e-f046ff540cbd 접속
[2024/05/20 01:39:13.865] [TID:9] [<>c__DisplayClass108_0.<OnNewSessionConnected>b__0 => MainServer.OnConnected => NLogLog.Info]: 세션 번호 a096330f-f9d6-4560-963c-bb0f516587d2 접속
[2024/05/20 01:40:44.135] [TID:11] [<>c__DisplayClass116_0.<OnSessionClosed>b__0 => MainServer.OnClosed => NLogLog.Info]: 세션 번호 701ce5e2-e929-4f3e-be6e-f046ff540cbd 접속해제: SocketError
[2024/05/20 01:40:44.662] [TID:9] [<>c__DisplayClass116_0.<OnSessionClosed>b__0 => MainServer.OnClosed => NLogLog.Info]: 세션 번호 a096330f-f9d6-4560-963c-bb0f516587d2 접속해제: SocketError
[2024/05/20 01:41:40.675] [TID:7] [<>c__DisplayClass108_0.<OnNewSessionConnected>b__0 => MainServer.OnConnected => NLogLog.Info]: 세션 번호 416c15ee-bb3f-4156-8e6f-2149d61f77d4 접속
[2024/05/20 01:41:43.195] [TID:9] [<>c__DisplayClass108_0.<OnNewSessionConnected>b__0 => MainServer.OnConnected => NLogLog.Info]: 세션 번호 60c810b8-2572-4fc0-9825-8c558a2ab320 접속
[2024/05/20 01:41:53.629] [TID:9] [<>c__DisplayClass116_0.<OnSessionClosed>b__0 => MainServer.OnClosed => NLogLog.Info]: 세션 번호 60c810b8-2572-4fc0-9825-8c558a2ab320 접속해제: SocketError
[2024/05/20 01:41:54.752] [TID:26] [<>c__DisplayClass116_0.<OnSessionClosed>b__0 => MainServer.OnClosed => NLogLog.Info]: 세션 번호 416c15ee-bb3f-4156-8e6f-2149d61f77d4 접속해제: SocketError
[2024/05/21 13:01:44.569] [TID:1] [MainServer.CreateServer => MainServer.CreateComponent => NLogLog.Info]: CreateComponent - Success
[2024/05/21 13:01:44.603] [TID:1] [MainServer.AppOnStarted => MainServer.CreateServer => NLogLog.Info]: 서버 생성 성공
[2024/05/21 13:01:44.603] [TID:1] [AppServer`2.Start => AppServerBase`2.Start => NLogLog.Info]: The server instance PvPGameServer has been started!
[2024/05/21 13:01:58.186] [TID:26] [<>c__DisplayClass108_0.<OnNewSessionConnected>b__0 => MainServer.OnConnected => NLogLog.Info]: 세션 번호 d91d5dbf-7640-489f-be0c-467fa1ca00ce 접속
[2024/05/21 13:01:59.038] [TID:10] [<>c__DisplayClass108_0.<OnNewSessionConnected>b__0 => MainServer.OnConnected => NLogLog.Info]: 세션 번호 82cdd66c-6187-4eb1-8c93-3f582be14d02 접속
[2024/05/21 13:02:20.871] [TID:11] [<>c__DisplayClass116_0.<OnSessionClosed>b__0 => MainServer.OnClosed => NLogLog.Info]: 세션 번호 d91d5dbf-7640-489f-be0c-467fa1ca00ce 접속해제: SocketError
[2024/05/21 13:02:21.927] [TID:9] [<>c__DisplayClass116_0.<OnSessionClosed>b__0 => MainServer.OnClosed => NLogLog.Info]: 세션 번호 82cdd66c-6187-4eb1-8c93-3f582be14d02 접속해제: SocketError
[2024/05/21 13:02:38.823] [TID:1] [MainServer.CreateServer => MainServer.CreateComponent => NLogLog.Info]: CreateComponent - Success
[2024/05/21 13:02:38.823] [TID:1] [MainServer.AppOnStarted => MainServer.CreateServer => NLogLog.Info]: 서버 생성 성공
[2024/05/21 13:02:38.842] [TID:1] [AppServer`2.Start => AppServerBase`2.Start => NLogLog.Info]: The server instance PvPGameServer has been started!
[2024/05/21 13:02:50.998] [TID:9] [<>c__DisplayClass108_0.<OnNewSessionConnected>b__0 => MainServer.OnConnected => NLogLog.Info]: 세션 번호 f55466cf-3523-4bad-ac7a-7695f22df818 접속
[2024/05/21 13:02:52.185] [TID:9] [<>c__DisplayClass108_0.<OnNewSessionConnected>b__0 => MainServer.OnConnected => NLogLog.Info]: 세션 번호 28ea3e7e-26ca-493f-9523-be288e4bf883 접속
[2024/05/21 13:03:01.718] [TID:10] [<>c__DisplayClass116_0.<OnSessionClosed>b__0 => MainServer.OnClosed => NLogLog.Info]: 세션 번호 f55466cf-3523-4bad-ac7a-7695f22df818 접속해제: SocketError
[2024/05/21 13:03:03.388] [TID:7] [<>c__DisplayClass116_0.<OnSessionClosed>b__0 => MainServer.OnClosed => NLogLog.Info]: 세션 번호 28ea3e7e-26ca-493f-9523-be288e4bf883 접속해제: SocketError
[2024/05/21 13:08:46.326] [TID:1] [MainServer.CreateServer => MainServer.CreateComponent => NLogLog.Info]: CreateComponent - Success
[2024/05/21 13:08:46.338] [TID:1] [MainServer.AppOnStarted => MainServer.CreateServer => NLogLog.Info]: 서버 생성 성공
[2024/05/21 13:08:46.338] [TID:1] [AppServer`2.Start => AppServerBase`2.Start => NLogLog.Info]: The server instance PvPGameServer has been started!
[2024/05/21 13:08:58.437] [TID:26] [<>c__DisplayClass108_0.<OnNewSessionConnected>b__0 => MainServer.OnConnected => NLogLog.Info]: 세션 번호 6e1c3006-2e9f-494a-89dd-eb1c27e39a9d 접속
[2024/05/21 13:08:59.707] [TID:26] [<>c__DisplayClass108_0.<OnNewSessionConnected>b__0 => MainServer.OnConnected => NLogLog.Info]: 세션 번호 f815d8e5-a6cf-480f-86b0-c7f6795e4433 접속
[2024/05/21 13:09:05.025] [TID:10] [<>c__DisplayClass116_0.<OnSessionClosed>b__0 => MainServer.OnClosed => NLogLog.Info]: 세션 번호 6e1c3006-2e9f-494a-89dd-eb1c27e39a9d 접속해제: SocketError
[2024/05/21 13:09:05.977] [TID:10] [<>c__DisplayClass116_0.<OnSessionClosed>b__0 => MainServer.OnClosed => NLogLog.Info]: 세션 번호 f815d8e5-a6cf-480f-86b0-c7f6795e4433 접속해제: SocketError
[2024/05/21 13:15:22.331] [TID:1] [MainServer.CreateServer => MainServer.CreateComponent => NLogLog.Info]: CreateComponent - Success
[2024/05/21 13:15:22.342] [TID:1] [MainServer.AppOnStarted => MainServer.CreateServer => NLogLog.Info]: 서버 생성 성공
[2024/05/21 13:15:22.342] [TID:1] [AppServer`2.Start => AppServerBase`2.Start => NLogLog.Info]: The server instance PvPGameServer has been started!
[2024/05/21 13:15:35.601] [TID:26] [<>c__DisplayClass108_0.<OnNewSessionConnected>b__0 => MainServer.OnConnected => NLogLog.Info]: 세션 번호 b597bd8c-c466-48b3-ac05-8cb46bf3f301 접속
[2024/05/21 13:15:36.423] [TID:25] [<>c__DisplayClass108_0.<OnNewSessionConnected>b__0 => MainServer.OnConnected => NLogLog.Info]: 세션 번호 b0b96a26-28a7-4c0d-99ce-539acb80b1a2 접속
[2024/05/21 13:15:44.211] [TID:7] [<>c__DisplayClass116_0.<OnSessionClosed>b__0 => MainServer.OnClosed => NLogLog.Info]: 세션 번호 b597bd8c-c466-48b3-ac05-8cb46bf3f301 접속해제: SocketError
[2024/05/21 13:15:46.564] [TID:9] [<>c__DisplayClass116_0.<OnSessionClosed>b__0 => MainServer.OnClosed => NLogLog.Info]: 세션 번호 b0b96a26-28a7-4c0d-99ce-539acb80b1a2 접속해제: SocketError
[2024/05/21 13:31:46.682] [TID:1] [MainServer.CreateServer => MainServer.CreateComponent => NLogLog.Info]: CreateComponent - Success
[2024/05/21 13:31:46.712] [TID:1] [MainServer.AppOnStarted => MainServer.CreateServer => NLogLog.Info]: 서버 생성 성공
[2024/05/21 13:31:46.718] [TID:1] [AppServer`2.Start => AppServerBase`2.Start => NLogLog.Info]: The server instance PvPGameServer has been started!
[2024/05/21 13:31:59.145] [TID:11] [<>c__DisplayClass108_0.<OnNewSessionConnected>b__0 => MainServer.OnConnected => NLogLog.Info]: 세션 번호 62eee620-fa0e-43e3-a4d1-26fef9377dcb 접속
[2024/05/21 13:31:59.769] [TID:10] [<>c__DisplayClass108_0.<OnNewSessionConnected>b__0 => MainServer.OnConnected => NLogLog.Info]: 세션 번호 e063fa44-b547-4a99-8a0d-476fb646c48d 접속
[2024/05/21 13:32:03.265] [TID:9] [<>c__DisplayClass116_0.<OnSessionClosed>b__0 => MainServer.OnClosed => NLogLog.Info]: 세션 번호 62eee620-fa0e-43e3-a4d1-26fef9377dcb 접속해제: SocketError
[2024/05/21 13:32:04.463] [TID:11] [<>c__DisplayClass116_0.<OnSessionClosed>b__0 => MainServer.OnClosed => NLogLog.Info]: 세션 번호 e063fa44-b547-4a99-8a0d-476fb646c48d 접속해제: SocketError
[2024/05/21 13:38:36.353] [TID:1] [MainServer.CreateServer => MainServer.CreateComponent => NLogLog.Info]: CreateComponent - Success
[2024/05/21 13:38:36.365] [TID:1] [MainServer.AppOnStarted => MainServer.CreateServer => NLogLog.Info]: 서버 생성 성공
[2024/05/21 13:38:36.372] [TID:1] [AppServer`2.Start => AppServerBase`2.Start => NLogLog.Info]: The server instance PvPGameServer has been started!
[2024/05/21 13:38:47.747] [TID:11] [<>c__DisplayClass108_0.<OnNewSessionConnected>b__0 => MainServer.OnConnected => NLogLog.Info]: 세션 번호 dbbda596-1dc1-4de5-b96d-75ef4cde3671 접속
[2024/05/21 13:38:49.010] [TID:7] [<>c__DisplayClass108_0.<OnNewSessionConnected>b__0 => MainServer.OnConnected => NLogLog.Info]: 세션 번호 1a3b5191-ae1c-445c-838c-c1186226160e 접속
[2024/05/21 13:38:54.283] [TID:11] [<>c__DisplayClass116_0.<OnSessionClosed>b__0 => MainServer.OnClosed => NLogLog.Info]: 세션 번호 dbbda596-1dc1-4de5-b96d-75ef4cde3671 접속해제: SocketError
[2024/05/21 13:38:54.934] [TID:11] [<>c__DisplayClass116_0.<OnSessionClosed>b__0 => MainServer.OnClosed => NLogLog.Info]: 세션 번호 1a3b5191-ae1c-445c-838c-c1186226160e 접속해제: SocketError
[2024/05/21 13:44:38.831] [TID:1] [MainServer.CreateServer => MainServer.CreateComponent => NLogLog.Info]: CreateComponent - Success
[2024/05/21 13:44:38.843] [TID:1] [MainServer.AppOnStarted => MainServer.CreateServer => NLogLog.Info]: 서버 생성 성공
[2024/05/21 13:44:38.843] [TID:1] [AppServer`2.Start => AppServerBase`2.Start => NLogLog.Info]: The server instance PvPGameServer has been started!
[2024/05/21 13:44:50.323] [TID:26] [<>c__DisplayClass108_0.<OnNewSessionConnected>b__0 => MainServer.OnConnected => NLogLog.Info]: 세션 번호 4f58c702-a18f-4fc6-9dfc-3e75cb2a3748 접속
[2024/05/21 13:44:50.887] [TID:26] [<>c__DisplayClass108_0.<OnNewSessionConnected>b__0 => MainServer.OnConnected => NLogLog.Info]: 세션 번호 0a0f884c-10a3-479b-84ca-c380d1854415 접속
[2024/05/21 13:45:08.059] [TID:11] [<>c__DisplayClass116_0.<OnSessionClosed>b__0 => MainServer.OnClosed => NLogLog.Info]: 세션 번호 4f58c702-a18f-4fc6-9dfc-3e75cb2a3748 접속해제: SocketError
[2024/05/21 13:45:09.398] [TID:26] [<>c__DisplayClass116_0.<OnSessionClosed>b__0 => MainServer.OnClosed => NLogLog.Info]: 세션 번호 0a0f884c-10a3-479b-84ca-c380d1854415 접속해제: SocketError
[2024/05/21 13:50:46.328] [TID:1] [MainServer.CreateServer => MainServer.CreateComponent => NLogLog.Info]: CreateComponent - Success
[2024/05/21 13:50:46.339] [TID:1] [MainServer.AppOnStarted => MainServer.CreateServer => NLogLog.Info]: 서버 생성 성공
[2024/05/21 13:50:46.339] [TID:1] [AppServer`2.Start => AppServerBase`2.Start => NLogLog.Info]: The server instance PvPGameServer has been started!
[2024/05/21 13:50:57.995] [TID:26] [<>c__DisplayClass108_0.<OnNewSessionConnected>b__0 => MainServer.OnConnected => NLogLog.Info]: 세션 번호 91cba940-b9e3-4602-b98f-d1c395d585fe 접속
[2024/05/21 13:50:58.703] [TID:11] [<>c__DisplayClass108_0.<OnNewSessionConnected>b__0 => MainServer.OnConnected => NLogLog.Info]: 세션 번호 857e5cc0-b84b-4b0b-9572-c5a32b873b62 접속
[2024/05/21 13:51:02.114] [TID:11] [<>c__DisplayClass116_0.<OnSessionClosed>b__0 => MainServer.OnClosed => NLogLog.Info]: 세션 번호 91cba940-b9e3-4602-b98f-d1c395d585fe 접속해제: SocketError
[2024/05/21 13:51:02.750] [TID:26] [<>c__DisplayClass116_0.<OnSessionClosed>b__0 => MainServer.OnClosed => NLogLog.Info]: 세션 번호 857e5cc0-b84b-4b0b-9572-c5a32b873b62 접속해제: SocketError
