[2024/04/25 16:30:15.759] [TID:1] [MainServer.CreateServer => MainServer.CreateComponent => NLogLog.Info]: CreateComponent - Success
[2024/04/25 16:30:15.771] [TID:1] [MainServer.AppOnStarted => MainServer.CreateServer => NLogLog.Info]: 서버 생성 성공
[2024/04/25 16:30:15.786] [TID:1] [AppServer`2.Start => AppServerBase`2.Start => NLogLog.Info]: The server instance PvPGameServer has been started!
[2024/04/25 16:34:07.926] [TID:3] [<>c__DisplayClass108_0.<OnNewSessionConnected>b__0 => MainServer.OnConnected => NLogLog.Info]: 세션 번호 65ac0e45-ee9d-491e-a6e0-3bbbe4bdba1b 접속
[2024/04/25 16:35:07.274] [TID:16] [<>c__DisplayClass108_0.<OnNewSessionConnected>b__0 => MainServer.OnConnected => NLogLog.Info]: 세션 번호 97cc53d9-0274-4300-a60f-cdd0a75657b7 접속
[2024/04/25 16:37:28.405] [TID:21] [<>c__DisplayClass116_0.<OnSessionClosed>b__0 => MainServer.OnClosed => NLogLog.Info]: 세션 번호 97cc53d9-0274-4300-a60f-cdd0a75657b7 접속해제: SocketError
[2024/04/25 16:37:29.628] [TID:13] [<>c__DisplayClass116_0.<OnSessionClosed>b__0 => MainServer.OnClosed => NLogLog.Info]: 세션 번호 65ac0e45-ee9d-491e-a6e0-3bbbe4bdba1b 접속해제: SocketError
[2024/04/25 16:42:52.812] [TID:1] [MainServer.CreateServer => MainServer.CreateComponent => NLogLog.Info]: CreateComponent - Success
[2024/04/25 16:42:52.812] [TID:1] [MainServer.AppOnStarted => MainServer.CreateServer => NLogLog.Info]: 서버 생성 성공
[2024/04/25 16:42:52.837] [TID:1] [AppServer`2.Start => AppServerBase`2.Start => NLogLog.Info]: The server instance PvPGameServer has been started!
[2024/04/25 16:43:02.310] [TID:9] [<>c__DisplayClass108_0.<OnNewSessionConnected>b__0 => MainServer.OnConnected => NLogLog.Info]: 세션 번호 387e1b11-ae8b-4f8e-a5f1-b47b562a38b8 접속
[2024/04/25 16:43:33.433] [TID:15] [<>c__DisplayClass116_0.<OnSessionClosed>b__0 => MainServer.OnClosed => NLogLog.Info]: 세션 번호 387e1b11-ae8b-4f8e-a5f1-b47b562a38b8 접속해제: SocketError
[2024/04/25 16:43:34.544] [TID:15] [<>c__DisplayClass108_0.<OnNewSessionConnected>b__0 => MainServer.OnConnected => NLogLog.Info]: 세션 번호 d9d2e0b0-a20f-40f1-9be0-6c6146ca0d9f 접속
[2024/04/25 16:43:50.405] [TID:14] [<>c__DisplayClass116_0.<OnSessionClosed>b__0 => MainServer.OnClosed => NLogLog.Info]: 세션 번호 d9d2e0b0-a20f-40f1-9be0-6c6146ca0d9f 접속해제: SocketError
[2024/04/25 18:05:28.287] [TID:1] [MainServer.CreateServer => MainServer.CreateComponent => NLogLog.Info]: CreateComponent - Success
[2024/04/25 18:05:28.300] [TID:1] [MainServer.AppOnStarted => MainServer.CreateServer => NLogLog.Info]: 서버 생성 성공
[2024/04/25 18:05:28.313] [TID:1] [AppServer`2.Start => AppServerBase`2.Start => NLogLog.Info]: The server instance PvPGameServer has been started!
[2024/04/25 18:06:00.109] [TID:1] [MainServer.CreateServer => MainServer.CreateComponent => NLogLog.Info]: CreateComponent - Success
[2024/04/25 18:06:00.109] [TID:1] [MainServer.AppOnStarted => MainServer.CreateServer => NLogLog.Info]: 서버 생성 성공
[2024/04/25 18:06:00.138] [TID:1] [AppServer`2.Start => AppServerBase`2.Start => NLogLog.Info]: The server instance PvPGameServer has been started!
[2024/04/25 18:06:01.465] [TID:9] [<>c__DisplayClass108_0.<OnNewSessionConnected>b__0 => MainServer.OnConnected => NLogLog.Info]: 세션 번호 af71f6e7-cafb-4c81-8332-af7c13ee0808 접속
[2024/04/25 18:06:02.872] [TID:9] [<>c__DisplayClass116_0.<OnSessionClosed>b__0 => MainServer.OnClosed => NLogLog.Info]: 세션 번호 af71f6e7-cafb-4c81-8332-af7c13ee0808 접속해제: SocketError
[2024/04/25 18:09:03.058] [TID:1] [MainServer.CreateServer => MainServer.CreateComponent => NLogLog.Info]: CreateComponent - Success
[2024/04/25 18:09:03.072] [TID:1] [MainServer.AppOnStarted => MainServer.CreateServer => NLogLog.Info]: 서버 생성 성공
[2024/04/25 18:09:03.087] [TID:1] [AppServer`2.Start => AppServerBase`2.Start => NLogLog.Info]: The server instance PvPGameServer has been started!
[2024/04/25 18:11:52.732] [TID:1] [MainServer.CreateServer => MainServer.CreateComponent => NLogLog.Info]: CreateComponent - Success
[2024/04/25 18:11:52.743] [TID:1] [MainServer.AppOnStarted => MainServer.CreateServer => NLogLog.Info]: 서버 생성 성공
[2024/04/25 18:11:52.756] [TID:1] [AppServer`2.Start => AppServerBase`2.Start => NLogLog.Info]: The server instance PvPGameServer has been started!
[2024/04/25 18:11:54.604] [TID:10] [<>c__DisplayClass108_0.<OnNewSessionConnected>b__0 => MainServer.OnConnected => NLogLog.Info]: 세션 번호 3342a1c2-64b3-4bc1-8902-f8976330b73e 접속
[2024/04/25 18:12:19.387] [TID:13] [<>c__DisplayClass116_0.<OnSessionClosed>b__0 => MainServer.OnClosed => NLogLog.Info]: 세션 번호 3342a1c2-64b3-4bc1-8902-f8976330b73e 접속해제: SocketError
[2024/04/25 18:12:25.167] [TID:12] [<>c__DisplayClass108_0.<OnNewSessionConnected>b__0 => MainServer.OnConnected => NLogLog.Info]: 세션 번호 5b550ce4-2176-427b-906e-d86fc51b065e 접속
[2024/04/25 18:12:38.538] [TID:13] [<>c__DisplayClass116_0.<OnSessionClosed>b__0 => MainServer.OnClosed => NLogLog.Info]: 세션 번호 5b550ce4-2176-427b-906e-d86fc51b065e 접속해제: SocketError
[2024/04/25 18:12:39.930] [TID:14] [<>c__DisplayClass108_0.<OnNewSessionConnected>b__0 => MainServer.OnConnected => NLogLog.Info]: 세션 번호 91dca2e6-e651-4c5c-ae88-7c61c159c102 접속
[2024/04/25 18:13:08.055] [TID:12] [<>c__DisplayClass116_0.<OnSessionClosed>b__0 => MainServer.OnClosed => NLogLog.Info]: 세션 번호 91dca2e6-e651-4c5c-ae88-7c61c159c102 접속해제: SocketError
[2024/04/25 18:13:12.151] [TID:12] [<>c__DisplayClass108_0.<OnNewSessionConnected>b__0 => MainServer.OnConnected => NLogLog.Info]: 세션 번호 b99ac2de-2a09-472f-b99b-8942913a844c 접속
[2024/04/25 18:13:32.526] [TID:13] [<>c__DisplayClass116_0.<OnSessionClosed>b__0 => MainServer.OnClosed => NLogLog.Info]: 세션 번호 b99ac2de-2a09-472f-b99b-8942913a844c 접속해제: SocketError
[2024/04/25 18:38:21.092] [TID:1] [MainServer.CreateServer => MainServer.CreateComponent => NLogLog.Info]: CreateComponent - Success
[2024/04/25 18:38:21.104] [TID:1] [MainServer.AppOnStarted => MainServer.CreateServer => NLogLog.Info]: 서버 생성 성공
[2024/04/25 18:38:21.117] [TID:1] [AppServer`2.Start => AppServerBase`2.Start => NLogLog.Info]: The server instance PvPGameServer has been started!
[2024/04/25 18:38:32.224] [TID:9] [<>c__DisplayClass108_0.<OnNewSessionConnected>b__0 => MainServer.OnConnected => NLogLog.Info]: 세션 번호 9174b721-1954-4e54-984d-155ccf360588 접속
[2024/04/25 18:38:51.113] [TID:11] [<>c__DisplayClass116_0.<OnSessionClosed>b__0 => MainServer.OnClosed => NLogLog.Info]: 세션 번호 9174b721-1954-4e54-984d-155ccf360588 접속해제: SocketError
[2024/04/25 22:24:43.433] [TID:1] [MainServer.CreateServer => MainServer.CreateComponent => NLogLog.Info]: CreateComponent - Success
[2024/04/25 22:24:43.455] [TID:1] [MainServer.AppOnStarted => MainServer.CreateServer => NLogLog.Info]: 서버 생성 성공
[2024/04/25 22:24:43.475] [TID:1] [AppServer`2.Start => AppServerBase`2.Start => NLogLog.Info]: The server instance PvPGameServer has been started!
[2024/04/25 23:21:45.562] [TID:1] [MainServer.CreateServer => MainServer.CreateComponent => NLogLog.Info]: CreateComponent - Success
[2024/04/25 23:21:45.562] [TID:1] [MainServer.AppOnStarted => MainServer.CreateServer => NLogLog.Info]: 서버 생성 성공
[2024/04/25 23:21:45.584] [TID:1] [AppServer`2.Start => AppServerBase`2.Start => NLogLog.Info]: The server instance PvPGameServer has been started!
[2024/04/25 23:21:55.862] [TID:10] [<>c__DisplayClass108_0.<OnNewSessionConnected>b__0 => MainServer.OnConnected => NLogLog.Info]: 세션 번호 ddff1c25-0d31-4938-8e2d-2b891e65ea97 접속
[2024/04/25 23:22:08.566] [TID:13] [<>c__DisplayClass116_0.<OnSessionClosed>b__0 => MainServer.OnClosed => NLogLog.Info]: 세션 번호 ddff1c25-0d31-4938-8e2d-2b891e65ea97 접속해제: SocketError
[2024/04/25 23:22:09.743] [TID:13] [<>c__DisplayClass108_0.<OnNewSessionConnected>b__0 => MainServer.OnConnected => NLogLog.Info]: 세션 번호 d7db65bc-306b-47cc-8fca-7515df617707 접속
[2024/04/25 23:22:33.334] [TID:7] [<>c__DisplayClass116_0.<OnSessionClosed>b__0 => MainServer.OnClosed => NLogLog.Info]: 세션 번호 d7db65bc-306b-47cc-8fca-7515df617707 접속해제: SocketError
[2024/04/25 23:23:55.317] [TID:1] [MainServer.CreateServer => MainServer.CreateComponent => NLogLog.Info]: CreateComponent - Success
[2024/04/25 23:23:55.329] [TID:1] [MainServer.AppOnStarted => MainServer.CreateServer => NLogLog.Info]: 서버 생성 성공
[2024/04/25 23:23:55.329] [TID:1] [AppServer`2.Start => AppServerBase`2.Start => NLogLog.Info]: The server instance PvPGameServer has been started!
[2024/04/25 23:24:02.121] [TID:9] [<>c__DisplayClass108_0.<OnNewSessionConnected>b__0 => MainServer.OnConnected => NLogLog.Info]: 세션 번호 09b0bad0-9f2a-4736-bd91-c8a00b1dedd2 접속
[2024/04/25 23:24:21.235] [TID:11] [<>c__DisplayClass116_0.<OnSessionClosed>b__0 => MainServer.OnClosed => NLogLog.Info]: 세션 번호 09b0bad0-9f2a-4736-bd91-c8a00b1dedd2 접속해제: SocketError
[2024/04/25 23:24:27.919] [TID:11] [<>c__DisplayClass108_0.<OnNewSessionConnected>b__0 => MainServer.OnConnected => NLogLog.Info]: 세션 번호 66d78005-a8e2-43d5-b30e-caab9b672e3d 접속
[2024/04/25 23:24:45.536] [TID:14] [<>c__DisplayClass116_0.<OnSessionClosed>b__0 => MainServer.OnClosed => NLogLog.Info]: 세션 번호 66d78005-a8e2-43d5-b30e-caab9b672e3d 접속해제: SocketError
[2024/04/25 23:27:32.727] [TID:1] [MainServer.CreateServer => MainServer.CreateComponent => NLogLog.Info]: CreateComponent - Success
[2024/04/25 23:27:32.739] [TID:1] [MainServer.AppOnStarted => MainServer.CreateServer => NLogLog.Info]: 서버 생성 성공
[2024/04/25 23:27:32.750] [TID:1] [AppServer`2.Start => AppServerBase`2.Start => NLogLog.Info]: The server instance PvPGameServer has been started!
[2024/04/25 23:27:46.503] [TID:10] [<>c__DisplayClass108_0.<OnNewSessionConnected>b__0 => MainServer.OnConnected => NLogLog.Info]: 세션 번호 d2d13868-5936-4499-aa3d-c9838c79d1cd 접속
[2024/04/25 23:27:49.548] [TID:13] [<>c__DisplayClass108_0.<OnNewSessionConnected>b__0 => MainServer.OnConnected => NLogLog.Info]: 세션 번호 5b27b8bf-2f69-4d77-936d-c8aa30deb339 접속
[2024/04/25 23:28:35.125] [TID:14] [<>c__DisplayClass116_0.<OnSessionClosed>b__0 => MainServer.OnClosed => NLogLog.Info]: 세션 번호 5b27b8bf-2f69-4d77-936d-c8aa30deb339 접속해제: SocketError
[2024/04/25 23:28:36.135] [TID:15] [<>c__DisplayClass116_0.<OnSessionClosed>b__0 => MainServer.OnClosed => NLogLog.Info]: 세션 번호 d2d13868-5936-4499-aa3d-c9838c79d1cd 접속해제: SocketError
[2024/04/25 23:30:03.942] [TID:1] [MainServer.CreateServer => MainServer.CreateComponent => NLogLog.Info]: CreateComponent - Success
[2024/04/25 23:30:03.953] [TID:1] [MainServer.AppOnStarted => MainServer.CreateServer => NLogLog.Info]: 서버 생성 성공
[2024/04/25 23:30:03.953] [TID:1] [AppServer`2.Start => AppServerBase`2.Start => NLogLog.Info]: The server instance PvPGameServer has been started!
[2024/04/25 23:30:07.987] [TID:7] [<>c__DisplayClass108_0.<OnNewSessionConnected>b__0 => MainServer.OnConnected => NLogLog.Info]: 세션 번호 83b85e7f-81b5-457a-b743-3d4306f03e62 접속
[2024/04/25 23:30:16.224] [TID:7] [<>c__DisplayClass108_0.<OnNewSessionConnected>b__0 => MainServer.OnConnected => NLogLog.Info]: 세션 번호 e2a341dd-17ac-459f-b4df-a153d88cd6dd 접속
[2024/04/25 23:30:24.277] [TID:11] [<>c__DisplayClass116_0.<OnSessionClosed>b__0 => MainServer.OnClosed => NLogLog.Info]: 세션 번호 e2a341dd-17ac-459f-b4df-a153d88cd6dd 접속해제: SocketError
[2024/04/25 23:30:24.936] [TID:11] [<>c__DisplayClass116_0.<OnSessionClosed>b__0 => MainServer.OnClosed => NLogLog.Info]: 세션 번호 83b85e7f-81b5-457a-b743-3d4306f03e62 접속해제: SocketError
[2024/04/25 23:31:27.782] [TID:1] [MainServer.CreateServer => MainServer.CreateComponent => NLogLog.Info]: CreateComponent - Success
[2024/04/25 23:31:27.800] [TID:1] [MainServer.AppOnStarted => MainServer.CreateServer => NLogLog.Info]: 서버 생성 성공
[2024/04/25 23:31:27.825] [TID:1] [AppServer`2.Start => AppServerBase`2.Start => NLogLog.Info]: The server instance PvPGameServer has been started!
[2024/04/25 23:31:36.462] [TID:11] [<>c__DisplayClass108_0.<OnNewSessionConnected>b__0 => MainServer.OnConnected => NLogLog.Info]: 세션 번호 d19dfe6f-01eb-4272-aa41-db09c4e9b85d 접속
[2024/04/25 23:31:39.042] [TID:14] [<>c__DisplayClass116_0.<OnSessionClosed>b__0 => MainServer.OnClosed => NLogLog.Info]: 세션 번호 d19dfe6f-01eb-4272-aa41-db09c4e9b85d 접속해제: SocketError
[2024/04/25 23:31:55.334] [TID:1] [MainServer.CreateServer => MainServer.CreateComponent => NLogLog.Info]: CreateComponent - Success
[2024/04/25 23:31:55.351] [TID:1] [MainServer.AppOnStarted => MainServer.CreateServer => NLogLog.Info]: 서버 생성 성공
[2024/04/25 23:31:55.368] [TID:1] [AppServer`2.Start => AppServerBase`2.Start => NLogLog.Info]: The server instance PvPGameServer has been started!
[2024/04/25 23:32:02.302] [TID:10] [<>c__DisplayClass108_0.<OnNewSessionConnected>b__0 => MainServer.OnConnected => NLogLog.Info]: 세션 번호 5b09a6e1-9e93-422d-9b9b-64409c8b7d58 접속
[2024/04/25 23:32:07.480] [TID:8] [<>c__DisplayClass116_0.<OnSessionClosed>b__0 => MainServer.OnClosed => NLogLog.Info]: 세션 번호 5b09a6e1-9e93-422d-9b9b-64409c8b7d58 접속해제: SocketError
[2024/04/25 23:32:59.319] [TID:1] [MainServer.CreateServer => MainServer.CreateComponent => NLogLog.Info]: CreateComponent - Success
[2024/04/25 23:32:59.330] [TID:1] [MainServer.AppOnStarted => MainServer.CreateServer => NLogLog.Info]: 서버 생성 성공
[2024/04/25 23:32:59.330] [TID:1] [AppServer`2.Start => AppServerBase`2.Start => NLogLog.Info]: The server instance PvPGameServer has been started!
[2024/04/25 23:33:07.213] [TID:10] [<>c__DisplayClass108_0.<OnNewSessionConnected>b__0 => MainServer.OnConnected => NLogLog.Info]: 세션 번호 d9c79fb3-b874-41f7-b4ed-ee224b7e2334 접속
[2024/04/25 23:33:20.018] [TID:10] [<>c__DisplayClass116_0.<OnSessionClosed>b__0 => MainServer.OnClosed => NLogLog.Info]: 세션 번호 d9c79fb3-b874-41f7-b4ed-ee224b7e2334 접속해제: SocketError
[2024/04/25 23:33:20.839] [TID:13] [<>c__DisplayClass108_0.<OnNewSessionConnected>b__0 => MainServer.OnConnected => NLogLog.Info]: 세션 번호 c0875b5c-3cd6-4725-9c1f-6384d9397480 접속
[2024/04/25 23:33:25.415] [TID:12] [<>c__DisplayClass116_0.<OnSessionClosed>b__0 => MainServer.OnClosed => NLogLog.Info]: 세션 번호 c0875b5c-3cd6-4725-9c1f-6384d9397480 접속해제: SocketError
[2024/04/25 23:35:13.174] [TID:1] [MainServer.CreateServer => MainServer.CreateComponent => NLogLog.Info]: CreateComponent - Success
[2024/04/25 23:35:13.174] [TID:1] [MainServer.AppOnStarted => MainServer.CreateServer => NLogLog.Info]: 서버 생성 성공
[2024/04/25 23:35:13.195] [TID:1] [AppServer`2.Start => AppServerBase`2.Start => NLogLog.Info]: The server instance PvPGameServer has been started!
[2024/04/25 23:36:09.190] [TID:13] [<>c__DisplayClass108_0.<OnNewSessionConnected>b__0 => MainServer.OnConnected => NLogLog.Info]: 세션 번호 b8e4a893-5838-41c9-9c96-79ac021d2b7d 접속
[2024/04/25 23:38:58.092] [TID:1] [MainServer.CreateServer => MainServer.CreateComponent => NLogLog.Info]: CreateComponent - Success
[2024/04/25 23:38:58.103] [TID:1] [MainServer.AppOnStarted => MainServer.CreateServer => NLogLog.Info]: 서버 생성 성공
[2024/04/25 23:38:58.114] [TID:1] [AppServer`2.Start => AppServerBase`2.Start => NLogLog.Info]: The server instance PvPGameServer has been started!
[2024/04/25 23:39:01.995] [TID:9] [<>c__DisplayClass108_0.<OnNewSessionConnected>b__0 => MainServer.OnConnected => NLogLog.Info]: 세션 번호 0c3bca3c-8b3f-4169-bce2-746605af5bc8 접속
[2024/04/25 23:39:22.805] [TID:9] [<>c__DisplayClass116_0.<OnSessionClosed>b__0 => MainServer.OnClosed => NLogLog.Info]: 세션 번호 0c3bca3c-8b3f-4169-bce2-746605af5bc8 접속해제: SocketError
[2024/04/26 10:11:01.285] [TID:1] [MainServer.CreateServer => MainServer.CreateComponent => NLogLog.Info]: CreateComponent - Success
[2024/04/26 10:11:01.315] [TID:1] [MainServer.AppOnStarted => MainServer.CreateServer => NLogLog.Info]: 서버 생성 성공
[2024/04/26 10:11:01.357] [TID:1] [AppServer`2.Start => AppServerBase`2.Start => NLogLog.Info]: The server instance PvPGameServer has been started!
[2024/04/26 10:11:13.912] [TID:10] [<>c__DisplayClass108_0.<OnNewSessionConnected>b__0 => MainServer.OnConnected => NLogLog.Info]: 세션 번호 af40425f-732e-4892-a0db-35975e7743ef 접속
[2024/04/26 10:11:15.700] [TID:13] [<>c__DisplayClass108_0.<OnNewSessionConnected>b__0 => MainServer.OnConnected => NLogLog.Info]: 세션 번호 17c75981-8d7b-4352-961a-bb6d506fac5c 접속
[2024/04/26 10:12:09.123] [TID:9] [<>c__DisplayClass116_0.<OnSessionClosed>b__0 => MainServer.OnClosed => NLogLog.Info]: 세션 번호 af40425f-732e-4892-a0db-35975e7743ef 접속해제: SocketError
[2024/04/26 10:12:13.199] [TID:13] [<>c__DisplayClass116_0.<OnSessionClosed>b__0 => MainServer.OnClosed => NLogLog.Info]: 세션 번호 17c75981-8d7b-4352-961a-bb6d506fac5c 접속해제: SocketError
[2024/04/26 10:12:36.123] [TID:1] [MainServer.CreateServer => MainServer.CreateComponent => NLogLog.Info]: CreateComponent - Success
[2024/04/26 10:12:36.134] [TID:1] [MainServer.AppOnStarted => MainServer.CreateServer => NLogLog.Info]: 서버 생성 성공
[2024/04/26 10:12:36.145] [TID:1] [AppServer`2.Start => AppServerBase`2.Start => NLogLog.Info]: The server instance PvPGameServer has been started!
[2024/04/26 10:12:44.900] [TID:9] [<>c__DisplayClass108_0.<OnNewSessionConnected>b__0 => MainServer.OnConnected => NLogLog.Info]: 세션 번호 14a19d9f-3c2e-4504-9021-311cdd39046e 접속
[2024/04/26 10:12:45.577] [TID:7] [<>c__DisplayClass108_0.<OnNewSessionConnected>b__0 => MainServer.OnConnected => NLogLog.Info]: 세션 번호 207c4e8d-2dd7-4d87-a730-719499801c24 접속
[2024/04/26 10:13:12.288] [TID:12] [<>c__DisplayClass116_0.<OnSessionClosed>b__0 => MainServer.OnClosed => NLogLog.Info]: 세션 번호 14a19d9f-3c2e-4504-9021-311cdd39046e 접속해제: SocketError
[2024/04/26 10:13:12.826] [TID:10] [<>c__DisplayClass116_0.<OnSessionClosed>b__0 => MainServer.OnClosed => NLogLog.Info]: 세션 번호 207c4e8d-2dd7-4d87-a730-719499801c24 접속해제: SocketError
[2024/04/26 10:13:20.738] [TID:7] [<>c__DisplayClass108_0.<OnNewSessionConnected>b__0 => MainServer.OnConnected => NLogLog.Info]: 세션 번호 1b100932-0fa8-4cb6-8f19-ca0f7bd3b808 접속
[2024/04/26 10:13:22.080] [TID:12] [<>c__DisplayClass108_0.<OnNewSessionConnected>b__0 => MainServer.OnConnected => NLogLog.Info]: 세션 번호 939b1f57-112f-4267-9d5d-cfc529471b03 접속
[2024/04/26 10:13:42.892] [TID:10] [<>c__DisplayClass116_0.<OnSessionClosed>b__0 => MainServer.OnClosed => NLogLog.Info]: 세션 번호 939b1f57-112f-4267-9d5d-cfc529471b03 접속해제: SocketError
[2024/04/26 10:13:43.446] [TID:15] [<>c__DisplayClass116_0.<OnSessionClosed>b__0 => MainServer.OnClosed => NLogLog.Info]: 세션 번호 1b100932-0fa8-4cb6-8f19-ca0f7bd3b808 접속해제: SocketError
[2024/04/26 10:16:35.818] [TID:15] [<>c__DisplayClass108_0.<OnNewSessionConnected>b__0 => MainServer.OnConnected => NLogLog.Info]: 세션 번호 512ce60a-da39-457b-8e25-6b6d7d96d9b8 접속
[2024/04/26 10:16:48.091] [TID:17] [<>c__DisplayClass116_0.<OnSessionClosed>b__0 => MainServer.OnClosed => NLogLog.Info]: 세션 번호 512ce60a-da39-457b-8e25-6b6d7d96d9b8 접속해제: SocketError
[2024/04/26 10:17:10.094] [TID:17] [<>c__DisplayClass108_0.<OnNewSessionConnected>b__0 => MainServer.OnConnected => NLogLog.Info]: 세션 번호 f950bb31-0c5b-4940-a1ed-df16653cb20e 접속
[2024/04/26 10:17:41.565] [TID:16] [<>c__DisplayClass116_0.<OnSessionClosed>b__0 => MainServer.OnClosed => NLogLog.Info]: 세션 번호 f950bb31-0c5b-4940-a1ed-df16653cb20e 접속해제: SocketError
[2024/04/26 10:18:55.047] [TID:3] [<>c__DisplayClass108_0.<OnNewSessionConnected>b__0 => MainServer.OnConnected => NLogLog.Info]: 세션 번호 642e3751-a897-4126-aa76-e4a00f024b73 접속
[2024/04/26 10:19:00.468] [TID:21] [<>c__DisplayClass116_0.<OnSessionClosed>b__0 => MainServer.OnClosed => NLogLog.Info]: 세션 번호 642e3751-a897-4126-aa76-e4a00f024b73 접속해제: SocketError
[2024/04/26 10:25:29.293] [TID:1] [MainServer.CreateServer => MainServer.CreateComponent => NLogLog.Info]: CreateComponent - Success
[2024/04/26 10:25:29.304] [TID:1] [MainServer.AppOnStarted => MainServer.CreateServer => NLogLog.Info]: 서버 생성 성공
[2024/04/26 10:25:29.318] [TID:1] [AppServer`2.Start => AppServerBase`2.Start => NLogLog.Info]: The server instance PvPGameServer has been started!
[2024/04/26 10:25:33.595] [TID:7] [<>c__DisplayClass108_0.<OnNewSessionConnected>b__0 => MainServer.OnConnected => NLogLog.Info]: 세션 번호 e49bda93-04b8-4fc3-96fd-ec61ef92ce23 접속
[2024/04/26 10:25:42.643] [TID:9] [<>c__DisplayClass116_0.<OnSessionClosed>b__0 => MainServer.OnClosed => NLogLog.Info]: 세션 번호 e49bda93-04b8-4fc3-96fd-ec61ef92ce23 접속해제: SocketError
[2024/04/26 10:54:16.536] [TID:9] [<>c__DisplayClass108_0.<OnNewSessionConnected>b__0 => MainServer.OnConnected => NLogLog.Info]: 세션 번호 6a6ff9a0-f694-425a-99fa-b74874a23c68 접속
[2024/04/26 10:54:17.373] [TID:9] [<>c__DisplayClass108_0.<OnNewSessionConnected>b__0 => MainServer.OnConnected => NLogLog.Info]: 세션 번호 9ca75f2d-035f-464d-be6f-6f63ab98bc60 접속
[2024/04/26 10:54:28.449] [TID:9] [<>c__DisplayClass116_0.<OnSessionClosed>b__0 => MainServer.OnClosed => NLogLog.Info]: 세션 번호 9ca75f2d-035f-464d-be6f-6f63ab98bc60 접속해제: SocketError
[2024/04/26 10:54:28.973] [TID:16] [<>c__DisplayClass116_0.<OnSessionClosed>b__0 => MainServer.OnClosed => NLogLog.Info]: 세션 번호 6a6ff9a0-f694-425a-99fa-b74874a23c68 접속해제: SocketError
[2024/04/26 10:56:33.298] [TID:16] [<>c__DisplayClass108_0.<OnNewSessionConnected>b__0 => MainServer.OnConnected => NLogLog.Info]: 세션 번호 0a96017d-14c6-4d75-b73d-9577a3183a60 접속
[2024/04/26 10:56:40.617] [TID:19] [<>c__DisplayClass116_0.<OnSessionClosed>b__0 => MainServer.OnClosed => NLogLog.Info]: 세션 번호 0a96017d-14c6-4d75-b73d-9577a3183a60 접속해제: SocketError
[2024/04/26 10:56:45.839] [TID:15] [<>c__DisplayClass108_0.<OnNewSessionConnected>b__0 => MainServer.OnConnected => NLogLog.Info]: 세션 번호 8ef6c5d0-f810-4e87-aa9d-c7c201e69271 접속
[2024/04/26 10:56:46.294] [TID:19] [<>c__DisplayClass108_0.<OnNewSessionConnected>b__0 => MainServer.OnConnected => NLogLog.Info]: 세션 번호 2c441cad-9b97-4406-9c7b-b23dd528dd6e 접속
[2024/04/26 10:56:58.288] [TID:15] [<>c__DisplayClass116_0.<OnSessionClosed>b__0 => MainServer.OnClosed => NLogLog.Info]: 세션 번호 8ef6c5d0-f810-4e87-aa9d-c7c201e69271 접속해제: SocketError
[2024/04/26 10:56:59.792] [TID:16] [<>c__DisplayClass116_0.<OnSessionClosed>b__0 => MainServer.OnClosed => NLogLog.Info]: 세션 번호 2c441cad-9b97-4406-9c7b-b23dd528dd6e 접속해제: SocketError
[2024/04/26 10:57:09.856] [TID:19] [<>c__DisplayClass108_0.<OnNewSessionConnected>b__0 => MainServer.OnConnected => NLogLog.Info]: 세션 번호 bb7f98e1-3e51-4a61-a93d-c1b129be1b1a 접속
[2024/04/26 10:57:13.133] [TID:16] [<>c__DisplayClass108_0.<OnNewSessionConnected>b__0 => MainServer.OnConnected => NLogLog.Info]: 세션 번호 7e17b905-5a25-4764-b5b4-bff0113c5f71 접속
[2024/04/26 10:57:33.184] [TID:19] [<>c__DisplayClass116_0.<OnSessionClosed>b__0 => MainServer.OnClosed => NLogLog.Info]: 세션 번호 7e17b905-5a25-4764-b5b4-bff0113c5f71 접속해제: SocketError
[2024/04/26 10:57:34.328] [TID:19] [<>c__DisplayClass116_0.<OnSessionClosed>b__0 => MainServer.OnClosed => NLogLog.Info]: 세션 번호 bb7f98e1-3e51-4a61-a93d-c1b129be1b1a 접속해제: SocketError
[2024/04/26 10:59:21.537] [TID:20] [<>c__DisplayClass108_0.<OnNewSessionConnected>b__0 => MainServer.OnConnected => NLogLog.Info]: 세션 번호 fa33c978-7a09-487e-b8d3-9f928fec5fb4 접속
[2024/04/26 10:59:28.732] [TID:22] [<>c__DisplayClass116_0.<OnSessionClosed>b__0 => MainServer.OnClosed => NLogLog.Info]: 세션 번호 fa33c978-7a09-487e-b8d3-9f928fec5fb4 접속해제: SocketError
[2024/04/26 11:00:21.142] [TID:17] [<>c__DisplayClass108_0.<OnNewSessionConnected>b__0 => MainServer.OnConnected => NLogLog.Info]: 세션 번호 b5ffc602-1e31-476f-983b-7d640a39ca76 접속
[2024/04/26 11:00:25.011] [TID:22] [<>c__DisplayClass108_0.<OnNewSessionConnected>b__0 => MainServer.OnConnected => NLogLog.Info]: 세션 번호 cf17c20d-6c0b-4aa7-a377-e558a143033b 접속
[2024/04/26 11:00:37.295] [TID:17] [<>c__DisplayClass116_0.<OnSessionClosed>b__0 => MainServer.OnClosed => NLogLog.Info]: 세션 번호 b5ffc602-1e31-476f-983b-7d640a39ca76 접속해제: SocketError
[2024/04/26 11:00:37.839] [TID:25] [<>c__DisplayClass116_0.<OnSessionClosed>b__0 => MainServer.OnClosed => NLogLog.Info]: 세션 번호 cf17c20d-6c0b-4aa7-a377-e558a143033b 접속해제: SocketError
[2024/04/26 15:27:57.732] [TID:1] [MainServer.CreateServer => MainServer.CreateComponent => NLogLog.Info]: CreateComponent - Success
[2024/04/26 15:27:57.744] [TID:1] [MainServer.AppOnStarted => MainServer.CreateServer => NLogLog.Info]: 서버 생성 성공
[2024/04/26 15:27:57.755] [TID:1] [AppServer`2.Start => AppServerBase`2.Start => NLogLog.Info]: The server instance PvPGameServer has been started!
[2024/04/26 15:28:01.936] [TID:10] [<>c__DisplayClass108_0.<OnNewSessionConnected>b__0 => MainServer.OnConnected => NLogLog.Info]: 세션 번호 ee894804-db2f-41a2-8414-a2bc4b45985b 접속
[2024/04/26 15:28:21.028] [TID:10] [<>c__DisplayClass116_0.<OnSessionClosed>b__0 => MainServer.OnClosed => NLogLog.Info]: 세션 번호 ee894804-db2f-41a2-8414-a2bc4b45985b 접속해제: SocketError
[2024/04/26 15:35:16.003] [TID:1] [MainServer.CreateServer => MainServer.CreateComponent => NLogLog.Info]: CreateComponent - Success
[2024/04/26 15:35:16.015] [TID:1] [MainServer.AppOnStarted => MainServer.CreateServer => NLogLog.Info]: 서버 생성 성공
[2024/04/26 15:35:16.015] [TID:1] [AppServer`2.Start => AppServerBase`2.Start => NLogLog.Info]: The server instance PvPGameServer has been started!
[2024/04/26 15:35:20.349] [TID:7] [<>c__DisplayClass108_0.<OnNewSessionConnected>b__0 => MainServer.OnConnected => NLogLog.Info]: 세션 번호 f6c29309-9066-4086-8859-02997634b0b1 접속
[2024/04/26 16:20:33.723] [TID:1] [MainServer.CreateServer => MainServer.CreateComponent => NLogLog.Info]: CreateComponent - Success
[2024/04/26 16:20:33.734] [TID:1] [MainServer.AppOnStarted => MainServer.CreateServer => NLogLog.Info]: 서버 생성 성공
[2024/04/26 16:20:33.734] [TID:1] [AppServer`2.Start => AppServerBase`2.Start => NLogLog.Info]: The server instance PvPGameServer has been started!
[2024/04/26 16:20:40.971] [TID:10] [<>c__DisplayClass108_0.<OnNewSessionConnected>b__0 => MainServer.OnConnected => NLogLog.Info]: 세션 번호 2346045c-8aa3-400f-bdba-4a6583e85b1f 접속
[2024/04/26 16:20:48.456] [TID:11] [<>c__DisplayClass108_0.<OnNewSessionConnected>b__0 => MainServer.OnConnected => NLogLog.Info]: 세션 번호 434f8515-cdf6-4d2d-8cd2-1a881265ac90 접속
[2024/04/26 16:21:11.387] [TID:13] [<>c__DisplayClass116_0.<OnSessionClosed>b__0 => MainServer.OnClosed => NLogLog.Info]: 세션 번호 2346045c-8aa3-400f-bdba-4a6583e85b1f 접속해제: SocketError
[2024/04/26 16:21:12.659] [TID:7] [<>c__DisplayClass116_0.<OnSessionClosed>b__0 => MainServer.OnClosed => NLogLog.Info]: 세션 번호 434f8515-cdf6-4d2d-8cd2-1a881265ac90 접속해제: SocketError
[2024/04/26 16:37:17.502] [TID:1] [MainServer.CreateServer => MainServer.CreateComponent => NLogLog.Info]: CreateComponent - Success
[2024/04/26 16:37:17.513] [TID:1] [MainServer.AppOnStarted => MainServer.CreateServer => NLogLog.Info]: 서버 생성 성공
[2024/04/26 16:37:17.513] [TID:1] [AppServer`2.Start => AppServerBase`2.Start => NLogLog.Info]: The server instance PvPGameServer has been started!
[2024/04/26 16:37:21.953] [TID:9] [<>c__DisplayClass108_0.<OnNewSessionConnected>b__0 => MainServer.OnConnected => NLogLog.Info]: 세션 번호 d0825134-a05a-4684-9c5f-d9d087ba017d 접속
[2024/04/26 16:38:04.738] [TID:13] [<>c__DisplayClass116_0.<OnSessionClosed>b__0 => MainServer.OnClosed => NLogLog.Info]: 세션 번호 d0825134-a05a-4684-9c5f-d9d087ba017d 접속해제: SocketError
[2024/04/26 17:25:14.100] [TID:1] [MainServer.CreateServer => MainServer.CreateComponent => NLogLog.Info]: CreateComponent - Success
[2024/04/26 17:25:14.111] [TID:1] [MainServer.AppOnStarted => MainServer.CreateServer => NLogLog.Info]: 서버 생성 성공
[2024/04/26 17:25:14.111] [TID:1] [AppServer`2.Start => AppServerBase`2.Start => NLogLog.Info]: The server instance PvPGameServer has been started!
[2024/04/26 17:25:22.406] [TID:9] [<>c__DisplayClass108_0.<OnNewSessionConnected>b__0 => MainServer.OnConnected => NLogLog.Info]: 세션 번호 65634d64-96a9-441d-8921-f0a6171cf351 접속
[2024/04/26 17:25:23.042] [TID:9] [<>c__DisplayClass108_0.<OnNewSessionConnected>b__0 => MainServer.OnConnected => NLogLog.Info]: 세션 번호 1882bf98-70e6-4804-a2ee-8f917cd7a8d9 접속
[2024/04/26 17:26:38.101] [TID:13] [<>c__DisplayClass116_0.<OnSessionClosed>b__0 => MainServer.OnClosed => NLogLog.Info]: 세션 번호 1882bf98-70e6-4804-a2ee-8f917cd7a8d9 접속해제: SocketError
[2024/04/26 17:26:38.812] [TID:13] [<>c__DisplayClass116_0.<OnSessionClosed>b__0 => MainServer.OnClosed => NLogLog.Info]: 세션 번호 65634d64-96a9-441d-8921-f0a6171cf351 접속해제: SocketError
[2024/04/26 20:33:13.942] [TID:1] [MainServer.CreateServer => MainServer.CreateComponent => NLogLog.Info]: CreateComponent - Success
[2024/04/26 20:33:13.974] [TID:1] [MainServer.AppOnStarted => MainServer.CreateServer => NLogLog.Info]: 서버 생성 성공
[2024/04/26 20:33:14.017] [TID:1] [AppServer`2.Start => AppServerBase`2.Start => NLogLog.Info]: The server instance PvPGameServer has been started!
[2024/04/26 20:33:18.300] [TID:9] [<>c__DisplayClass108_0.<OnNewSessionConnected>b__0 => MainServer.OnConnected => NLogLog.Info]: 세션 번호 6f2e5215-7533-458e-aacb-5f690b6da2b6 접속
[2024/04/26 20:33:27.933] [TID:12] [<>c__DisplayClass116_0.<OnSessionClosed>b__0 => MainServer.OnClosed => NLogLog.Info]: 세션 번호 6f2e5215-7533-458e-aacb-5f690b6da2b6 접속해제: SocketError
[2024/04/26 20:54:53.959] [TID:1] [MainServer.CreateServer => MainServer.CreateComponent => NLogLog.Info]: CreateComponent - Success
[2024/04/26 20:54:53.971] [TID:1] [MainServer.AppOnStarted => MainServer.CreateServer => NLogLog.Info]: 서버 생성 성공
[2024/04/26 20:54:53.981] [TID:1] [AppServer`2.Start => AppServerBase`2.Start => NLogLog.Info]: The server instance PvPGameServer has been started!
[2024/04/26 20:54:58.745] [TID:10] [<>c__DisplayClass108_0.<OnNewSessionConnected>b__0 => MainServer.OnConnected => NLogLog.Info]: 세션 번호 fc7203a3-595a-40d9-b5db-01207bc18f6c 접속
[2024/04/26 20:55:07.789] [TID:7] [<>c__DisplayClass116_0.<OnSessionClosed>b__0 => MainServer.OnClosed => NLogLog.Info]: 세션 번호 fc7203a3-595a-40d9-b5db-01207bc18f6c 접속해제: SocketError
[2024/04/26 20:55:34.676] [TID:1] [MainServer.CreateServer => MainServer.CreateComponent => NLogLog.Info]: CreateComponent - Success
[2024/04/26 20:55:34.688] [TID:1] [MainServer.AppOnStarted => MainServer.CreateServer => NLogLog.Info]: 서버 생성 성공
[2024/04/26 20:55:34.688] [TID:1] [AppServer`2.Start => AppServerBase`2.Start => NLogLog.Info]: The server instance PvPGameServer has been started!
[2024/04/26 20:55:36.680] [TID:7] [<>c__DisplayClass108_0.<OnNewSessionConnected>b__0 => MainServer.OnConnected => NLogLog.Info]: 세션 번호 8c7cfb1c-5e18-4286-b6e7-e859fda38192 접속
[2024/04/26 20:55:43.909] [TID:10] [<>c__DisplayClass116_0.<OnSessionClosed>b__0 => MainServer.OnClosed => NLogLog.Info]: 세션 번호 8c7cfb1c-5e18-4286-b6e7-e859fda38192 접속해제: SocketError
[2024/04/26 21:47:52.383] [TID:1] [MainServer.CreateServer => MainServer.CreateComponent => NLogLog.Info]: CreateComponent - Success
[2024/04/26 21:47:52.395] [TID:1] [MainServer.AppOnStarted => MainServer.CreateServer => NLogLog.Info]: 서버 생성 성공
[2024/04/26 21:47:52.408] [TID:1] [AppServer`2.Start => AppServerBase`2.Start => NLogLog.Info]: The server instance PvPGameServer has been started!
[2024/04/26 21:47:59.820] [TID:7] [<>c__DisplayClass108_0.<OnNewSessionConnected>b__0 => MainServer.OnConnected => NLogLog.Info]: 세션 번호 fe85c408-d6f8-4eb4-bcef-60e67ae266b5 접속
[2024/04/26 21:48:22.458] [TID:7] [<>c__DisplayClass116_0.<OnSessionClosed>b__0 => MainServer.OnClosed => NLogLog.Info]: 세션 번호 fe85c408-d6f8-4eb4-bcef-60e67ae266b5 접속해제: SocketError
[2024/04/26 21:48:44.696] [TID:1] [MainServer.CreateServer => MainServer.CreateComponent => NLogLog.Info]: CreateComponent - Success
[2024/04/26 21:48:44.708] [TID:1] [MainServer.AppOnStarted => MainServer.CreateServer => NLogLog.Info]: 서버 생성 성공
[2024/04/26 21:48:44.719] [TID:1] [AppServer`2.Start => AppServerBase`2.Start => NLogLog.Info]: The server instance PvPGameServer has been started!
[2024/04/26 21:48:48.326] [TID:9] [<>c__DisplayClass108_0.<OnNewSessionConnected>b__0 => MainServer.OnConnected => NLogLog.Info]: 세션 번호 06e276cb-7493-4eac-affd-375a2ed951f0 접속
[2024/04/26 21:48:57.823] [TID:12] [<>c__DisplayClass116_0.<OnSessionClosed>b__0 => MainServer.OnClosed => NLogLog.Info]: 세션 번호 06e276cb-7493-4eac-affd-375a2ed951f0 접속해제: SocketError
[2024/04/26 21:50:18.566] [TID:1] [MainServer.CreateServer => MainServer.CreateComponent => NLogLog.Info]: CreateComponent - Success
[2024/04/26 21:50:18.577] [TID:1] [MainServer.AppOnStarted => MainServer.CreateServer => NLogLog.Info]: 서버 생성 성공
[2024/04/26 21:50:18.590] [TID:1] [AppServer`2.Start => AppServerBase`2.Start => NLogLog.Info]: The server instance PvPGameServer has been started!
[2024/04/26 21:50:24.373] [TID:9] [<>c__DisplayClass108_0.<OnNewSessionConnected>b__0 => MainServer.OnConnected => NLogLog.Info]: 세션 번호 3d7257f9-209f-446a-81fc-7ad7658063f1 접속
[2024/04/26 21:50:28.693] [TID:9] [<>c__DisplayClass108_0.<OnNewSessionConnected>b__0 => MainServer.OnConnected => NLogLog.Info]: 세션 번호 48b636c6-124f-4700-9e4a-16a19c5b10d7 접속
[2024/04/26 21:50:57.971] [TID:10] [<>c__DisplayClass116_0.<OnSessionClosed>b__0 => MainServer.OnClosed => NLogLog.Info]: 세션 번호 48b636c6-124f-4700-9e4a-16a19c5b10d7 접속해제: SocketError
[2024/04/26 21:50:58.889] [TID:10] [<>c__DisplayClass116_0.<OnSessionClosed>b__0 => MainServer.OnClosed => NLogLog.Info]: 세션 번호 3d7257f9-209f-446a-81fc-7ad7658063f1 접속해제: SocketError
[2024/04/26 21:51:15.437] [TID:7] [<>c__DisplayClass108_0.<OnNewSessionConnected>b__0 => MainServer.OnConnected => NLogLog.Info]: 세션 번호 b93dffcc-3c72-44a6-8429-e26eea80ea7c 접속
[2024/04/26 21:51:16.187] [TID:10] [<>c__DisplayClass108_0.<OnNewSessionConnected>b__0 => MainServer.OnConnected => NLogLog.Info]: 세션 번호 67c55654-af0a-48c9-ae34-c6bce4c700ad 접속
[2024/04/26 21:51:38.419] [TID:13] [<>c__DisplayClass116_0.<OnSessionClosed>b__0 => MainServer.OnClosed => NLogLog.Info]: 세션 번호 b93dffcc-3c72-44a6-8429-e26eea80ea7c 접속해제: SocketError
[2024/04/26 21:51:39.584] [TID:7] [<>c__DisplayClass116_0.<OnSessionClosed>b__0 => MainServer.OnClosed => NLogLog.Info]: 세션 번호 67c55654-af0a-48c9-ae34-c6bce4c700ad 접속해제: SocketError
[2024/04/26 21:51:43.594] [TID:1] [MainServer.CreateServer => MainServer.CreateComponent => NLogLog.Info]: CreateComponent - Success
[2024/04/26 21:51:43.594] [TID:1] [MainServer.AppOnStarted => MainServer.CreateServer => NLogLog.Info]: 서버 생성 성공
[2024/04/26 21:51:43.616] [TID:1] [AppServer`2.Start => AppServerBase`2.Start => NLogLog.Info]: The server instance PvPGameServer has been started!
[2024/04/26 21:51:47.939] [TID:10] [<>c__DisplayClass108_0.<OnNewSessionConnected>b__0 => MainServer.OnConnected => NLogLog.Info]: 세션 번호 246cbf1e-56f7-499c-b89d-fc922fb1dd80 접속
[2024/04/26 21:51:48.459] [TID:10] [<>c__DisplayClass108_0.<OnNewSessionConnected>b__0 => MainServer.OnConnected => NLogLog.Info]: 세션 번호 f3185605-15a8-419e-bd0c-21186ff6ab2f 접속
[2024/04/26 21:52:13.448] [TID:10] [<>c__DisplayClass116_0.<OnSessionClosed>b__0 => MainServer.OnClosed => NLogLog.Info]: 세션 번호 246cbf1e-56f7-499c-b89d-fc922fb1dd80 접속해제: SocketError
[2024/04/26 21:52:14.639] [TID:10] [<>c__DisplayClass116_0.<OnSessionClosed>b__0 => MainServer.OnClosed => NLogLog.Info]: 세션 번호 f3185605-15a8-419e-bd0c-21186ff6ab2f 접속해제: SocketError
[2024/04/26 21:53:21.393] [TID:9] [<>c__DisplayClass108_0.<OnNewSessionConnected>b__0 => MainServer.OnConnected => NLogLog.Info]: 세션 번호 ba8d54c7-6cc0-4019-a834-ae0603dc4d18 접속
[2024/04/26 21:53:21.979] [TID:13] [<>c__DisplayClass108_0.<OnNewSessionConnected>b__0 => MainServer.OnConnected => NLogLog.Info]: 세션 번호 caa78277-edc9-489d-9774-51404f098e4e 접속
[2024/04/26 21:54:33.154] [TID:13] [<>c__DisplayClass116_0.<OnSessionClosed>b__0 => MainServer.OnClosed => NLogLog.Info]: 세션 번호 ba8d54c7-6cc0-4019-a834-ae0603dc4d18 접속해제: SocketError
[2024/04/26 21:54:48.774] [TID:17] [<>c__DisplayClass116_0.<OnSessionClosed>b__0 => MainServer.OnClosed => NLogLog.Info]: 세션 번호 caa78277-edc9-489d-9774-51404f098e4e 접속해제: SocketError
[2024/04/26 21:55:50.815] [TID:1] [MainServer.CreateServer => MainServer.CreateComponent => NLogLog.Info]: CreateComponent - Success
[2024/04/26 21:55:50.827] [TID:1] [MainServer.AppOnStarted => MainServer.CreateServer => NLogLog.Info]: 서버 생성 성공
[2024/04/26 21:55:50.827] [TID:1] [AppServer`2.Start => AppServerBase`2.Start => NLogLog.Info]: The server instance PvPGameServer has been started!
[2024/04/26 21:57:11.581] [TID:15] [<>c__DisplayClass108_0.<OnNewSessionConnected>b__0 => MainServer.OnConnected => NLogLog.Info]: 세션 번호 c0f2d86b-0ef1-417f-bfc3-492dbada288b 접속
[2024/04/26 21:57:12.494] [TID:10] [<>c__DisplayClass108_0.<OnNewSessionConnected>b__0 => MainServer.OnConnected => NLogLog.Info]: 세션 번호 1114729d-ba21-4bc5-af96-c1956954ce70 접속
[2024/04/26 21:57:39.105] [TID:10] [<>c__DisplayClass116_0.<OnSessionClosed>b__0 => MainServer.OnClosed => NLogLog.Info]: 세션 번호 1114729d-ba21-4bc5-af96-c1956954ce70 접속해제: SocketError
[2024/04/26 21:57:39.615] [TID:18] [<>c__DisplayClass116_0.<OnSessionClosed>b__0 => MainServer.OnClosed => NLogLog.Info]: 세션 번호 c0f2d86b-0ef1-417f-bfc3-492dbada288b 접속해제: SocketError
[2024/04/27 12:14:40.865] [TID:1] [MainServer.CreateServer => MainServer.CreateComponent => NLogLog.Info]: CreateComponent - Success
[2024/04/27 12:14:40.900] [TID:1] [MainServer.AppOnStarted => MainServer.CreateServer => NLogLog.Info]: 서버 생성 성공
[2024/04/27 12:14:40.949] [TID:1] [AppServer`2.Start => AppServerBase`2.Start => NLogLog.Info]: The server instance PvPGameServer has been started!
[2024/04/27 12:14:52.433] [TID:9] [<>c__DisplayClass108_0.<OnNewSessionConnected>b__0 => MainServer.OnConnected => NLogLog.Info]: 세션 번호 0c529070-de1e-4014-b900-fa4c0c744d77 접속
[2024/04/27 12:14:53.779] [TID:12] [<>c__DisplayClass108_0.<OnNewSessionConnected>b__0 => MainServer.OnConnected => NLogLog.Info]: 세션 번호 32f540be-1e3a-4036-88cd-456f0e5b11f3 접속
[2024/04/27 12:15:45.655] [TID:10] [<>c__DisplayClass116_0.<OnSessionClosed>b__0 => MainServer.OnClosed => NLogLog.Info]: 세션 번호 32f540be-1e3a-4036-88cd-456f0e5b11f3 접속해제: SocketError
[2024/04/27 12:15:47.278] [TID:13] [<>c__DisplayClass116_0.<OnSessionClosed>b__0 => MainServer.OnClosed => NLogLog.Info]: 세션 번호 0c529070-de1e-4014-b900-fa4c0c744d77 접속해제: SocketError
[2024/04/27 12:15:57.335] [TID:1] [MainServer.CreateServer => MainServer.CreateComponent => NLogLog.Info]: CreateComponent - Success
[2024/04/27 12:15:57.347] [TID:1] [MainServer.AppOnStarted => MainServer.CreateServer => NLogLog.Info]: 서버 생성 성공
[2024/04/27 12:15:57.360] [TID:1] [AppServer`2.Start => AppServerBase`2.Start => NLogLog.Info]: The server instance PvPGameServer has been started!
[2024/04/27 12:16:03.334] [TID:7] [<>c__DisplayClass108_0.<OnNewSessionConnected>b__0 => MainServer.OnConnected => NLogLog.Info]: 세션 번호 f8ed0b0b-ed2c-488b-a432-fc8e6a7dac30 접속
[2024/04/27 12:16:04.062] [TID:13] [<>c__DisplayClass108_0.<OnNewSessionConnected>b__0 => MainServer.OnConnected => NLogLog.Info]: 세션 번호 ba5f2ac9-2714-4d2c-a438-0fdefc13cf95 접속
[2024/04/27 12:16:16.111] [TID:9] [<>c__DisplayClass116_0.<OnSessionClosed>b__0 => MainServer.OnClosed => NLogLog.Info]: 세션 번호 f8ed0b0b-ed2c-488b-a432-fc8e6a7dac30 접속해제: SocketError
[2024/04/27 12:16:16.657] [TID:7] [<>c__DisplayClass116_0.<OnSessionClosed>b__0 => MainServer.OnClosed => NLogLog.Info]: 세션 번호 ba5f2ac9-2714-4d2c-a438-0fdefc13cf95 접속해제: SocketError
[2024/04/27 12:17:55.725] [TID:1] [MainServer.CreateServer => MainServer.CreateComponent => NLogLog.Info]: CreateComponent - Success
[2024/04/27 12:17:55.737] [TID:1] [MainServer.AppOnStarted => MainServer.CreateServer => NLogLog.Info]: 서버 생성 성공
[2024/04/27 12:17:55.749] [TID:1] [AppServer`2.Start => AppServerBase`2.Start => NLogLog.Info]: The server instance PvPGameServer has been started!
[2024/04/27 12:17:59.629] [TID:7] [<>c__DisplayClass108_0.<OnNewSessionConnected>b__0 => MainServer.OnConnected => NLogLog.Info]: 세션 번호 be74b93c-dc75-408c-9cc4-1ae434a8a2ea 접속
[2024/04/27 12:18:02.404] [TID:11] [<>c__DisplayClass108_0.<OnNewSessionConnected>b__0 => MainServer.OnConnected => NLogLog.Info]: 세션 번호 7f3cf735-f3bb-431d-960b-010948cb2b35 접속
[2024/04/27 12:18:27.672] [TID:9] [<>c__DisplayClass116_0.<OnSessionClosed>b__0 => MainServer.OnClosed => NLogLog.Info]: 세션 번호 be74b93c-dc75-408c-9cc4-1ae434a8a2ea 접속해제: SocketError
[2024/04/27 12:18:28.810] [TID:14] [<>c__DisplayClass116_0.<OnSessionClosed>b__0 => MainServer.OnClosed => NLogLog.Info]: 세션 번호 7f3cf735-f3bb-431d-960b-010948cb2b35 접속해제: SocketError
[2024/04/27 13:24:54.318] [TID:1] [MainServer.CreateServer => MainServer.CreateComponent => NLogLog.Info]: CreateComponent - Success
[2024/04/27 13:24:54.332] [TID:1] [MainServer.AppOnStarted => MainServer.CreateServer => NLogLog.Info]: 서버 생성 성공
[2024/04/27 13:24:54.345] [TID:1] [AppServer`2.Start => AppServerBase`2.Start => NLogLog.Info]: The server instance PvPGameServer has been started!
[2024/04/27 13:29:48.730] [TID:1] [MainServer.CreateServer => MainServer.CreateComponent => NLogLog.Info]: CreateComponent - Success
[2024/04/27 13:29:48.743] [TID:1] [MainServer.AppOnStarted => MainServer.CreateServer => NLogLog.Info]: 서버 생성 성공
[2024/04/27 13:29:48.755] [TID:1] [AppServer`2.Start => AppServerBase`2.Start => NLogLog.Info]: The server instance PvPGameServer has been started!
[2024/04/27 13:29:56.425] [TID:10] [<>c__DisplayClass108_0.<OnNewSessionConnected>b__0 => MainServer.OnConnected => NLogLog.Info]: 세션 번호 887aaf9d-fbb8-40db-b3c8-88312c0d91bb 접속
[2024/04/27 13:29:57.407] [TID:9] [<>c__DisplayClass108_0.<OnNewSessionConnected>b__0 => MainServer.OnConnected => NLogLog.Info]: 세션 번호 c96fbd22-20f4-40c9-baba-a85f8db0ae60 접속
[2024/04/27 13:30:17.594] [TID:13] [<>c__DisplayClass116_0.<OnSessionClosed>b__0 => MainServer.OnClosed => NLogLog.Info]: 세션 번호 887aaf9d-fbb8-40db-b3c8-88312c0d91bb 접속해제: SocketError
[2024/04/27 13:30:18.188] [TID:13] [<>c__DisplayClass116_0.<OnSessionClosed>b__0 => MainServer.OnClosed => NLogLog.Info]: 세션 번호 c96fbd22-20f4-40c9-baba-a85f8db0ae60 접속해제: SocketError
[2024/04/27 13:30:33.263] [TID:1] [MainServer.CreateServer => MainServer.CreateComponent => NLogLog.Info]: CreateComponent - Success
[2024/04/27 13:30:33.278] [TID:1] [MainServer.AppOnStarted => MainServer.CreateServer => NLogLog.Info]: 서버 생성 성공
[2024/04/27 13:30:33.298] [TID:1] [AppServer`2.Start => AppServerBase`2.Start => NLogLog.Info]: The server instance PvPGameServer has been started!
[2024/04/27 13:30:39.040] [TID:9] [<>c__DisplayClass108_0.<OnNewSessionConnected>b__0 => MainServer.OnConnected => NLogLog.Info]: 세션 번호 7fa6d219-81fd-45f0-9afe-47f61887136f 접속
[2024/04/27 13:30:40.554] [TID:12] [<>c__DisplayClass108_0.<OnNewSessionConnected>b__0 => MainServer.OnConnected => NLogLog.Info]: 세션 번호 5977085e-c3a3-4302-b891-f8aa38735be6 접속
[2024/04/27 13:31:15.574] [TID:13] [<>c__DisplayClass116_0.<OnSessionClosed>b__0 => MainServer.OnClosed => NLogLog.Info]: 세션 번호 5977085e-c3a3-4302-b891-f8aa38735be6 접속해제: SocketError
[2024/04/27 13:31:16.080] [TID:10] [<>c__DisplayClass116_0.<OnSessionClosed>b__0 => MainServer.OnClosed => NLogLog.Info]: 세션 번호 7fa6d219-81fd-45f0-9afe-47f61887136f 접속해제: SocketError
[2024/04/27 17:19:18.861] [TID:1] [MainServer.CreateServer => MainServer.CreateComponent => NLogLog.Info]: CreateComponent - Success
[2024/04/27 17:19:18.896] [TID:1] [MainServer.AppOnStarted => MainServer.CreateServer => NLogLog.Info]: 서버 생성 성공
[2024/04/27 17:19:18.912] [TID:1] [AppServer`2.Start => AppServerBase`2.Start => NLogLog.Info]: The server instance PvPGameServer has been started!
[2024/04/27 17:19:26.482] [TID:9] [<>c__DisplayClass108_0.<OnNewSessionConnected>b__0 => MainServer.OnConnected => NLogLog.Info]: 세션 번호 7eb274f9-4c87-435d-9955-d1972bb5a143 접속
[2024/04/27 17:19:27.375] [TID:10] [<>c__DisplayClass108_0.<OnNewSessionConnected>b__0 => MainServer.OnConnected => NLogLog.Info]: 세션 번호 d0491efc-91d8-457c-ae54-b7ed28298e0d 접속
[2024/04/27 17:20:17.080] [TID:9] [<>c__DisplayClass116_0.<OnSessionClosed>b__0 => MainServer.OnClosed => NLogLog.Info]: 세션 번호 7eb274f9-4c87-435d-9955-d1972bb5a143 접속해제: SocketError
[2024/04/27 17:20:17.928] [TID:14] [<>c__DisplayClass116_0.<OnSessionClosed>b__0 => MainServer.OnClosed => NLogLog.Info]: 세션 번호 d0491efc-91d8-457c-ae54-b7ed28298e0d 접속해제: SocketError
[2024/04/28 11:51:55.732] [TID:1] [MainServer.CreateServer => MainServer.CreateComponent => NLogLog.Info]: CreateComponent - Success
[2024/04/28 11:51:55.782] [TID:1] [MainServer.AppOnStarted => MainServer.CreateServer => NLogLog.Info]: 서버 생성 성공
[2024/04/28 11:51:55.850] [TID:1] [AppServer`2.Start => AppServerBase`2.Start => NLogLog.Info]: The server instance PvPGameServer has been started!
[2024/04/28 11:52:05.024] [TID:7] [<>c__DisplayClass108_0.<OnNewSessionConnected>b__0 => MainServer.OnConnected => NLogLog.Info]: 세션 번호 d81b7b76-2df6-4f07-a9a1-c8a03b07f64f 접속
[2024/04/28 11:52:06.486] [TID:13] [<>c__DisplayClass108_0.<OnNewSessionConnected>b__0 => MainServer.OnConnected => NLogLog.Info]: 세션 번호 1a1422eb-fb44-42ca-a5b9-a987f1a19fc2 접속
[2024/04/28 11:52:55.241] [TID:11] [<>c__DisplayClass116_0.<OnSessionClosed>b__0 => MainServer.OnClosed => NLogLog.Info]: 세션 번호 d81b7b76-2df6-4f07-a9a1-c8a03b07f64f 접속해제: SocketError
[2024/04/28 11:52:55.842] [TID:15] [<>c__DisplayClass116_0.<OnSessionClosed>b__0 => MainServer.OnClosed => NLogLog.Info]: 세션 번호 1a1422eb-fb44-42ca-a5b9-a987f1a19fc2 접속해제: SocketError
